This is pdfTeX, Version 3.14159265-2.6-1.40.16 (TeX Live 2015/Debian) (preloaded format=pdflatex 2018.10.13)  1 NOV 2018 12:50
entering extended mode
 restricted \write18 enabled.
 %&-line parsing enabled.
**doku.tex
(./doku.tex
LaTeX2e <2016/02/01>
Babel <3.9q> and hyphenation patterns for 10 language(s) loaded.
(/usr/share/texlive/texmf-dist/tex/latex/koma-script/scrartcl.cls
Document Class: scrartcl 2015/10/03 v3.19a KOMA-Script document class (article)

(/usr/share/texlive/texmf-dist/tex/latex/koma-script/scrkbase.sty
Package: scrkbase 2015/10/03 v3.19a KOMA-Script package (KOMA-Script-dependent 
basics and keyval usage)

(/usr/share/texlive/texmf-dist/tex/latex/koma-script/scrbase.sty
Package: scrbase 2015/10/03 v3.19a KOMA-Script package (KOMA-Script-independent
 basics and keyval usage)

(/usr/share/texlive/texmf-dist/tex/latex/graphics/keyval.sty
Package: keyval 2014/10/28 v1.15 key=value parser (DPC)
\KV@toks@=\toks14
)
(/usr/share/texlive/texmf-dist/tex/latex/koma-script/scrlfile.sty
Package: scrlfile 2015/10/03 v3.19a KOMA-Script package (loading files)

Package scrlfile, 2015/10/03 v3.19a KOMA-Script package (loading files)
                  Copyright (C) Markus Kohm

))) (/usr/share/texlive/texmf-dist/tex/latex/koma-script/tocbasic.sty
Package: tocbasic 2015/10/03 v3.19a KOMA-Script package (handling toc-files)
)
Package tocbasic Info: omitting babel extension for `toc'
(tocbasic)             because of feature `nobabel' available
(tocbasic)             for `toc' on input line 123.
Package tocbasic Info: omitting babel extension for `lof'
(tocbasic)             because of feature `nobabel' available
(tocbasic)             for `lof' on input line 124.
Package tocbasic Info: omitting babel extension for `lot'
(tocbasic)             because of feature `nobabel' available
(tocbasic)             for `lot' on input line 125.


Class scrartcl Warning: You've used obsolete option `halfparskip'.
(scrartcl)              Usage of this option indicates an old document
(scrartcl)              and changes compatibility level using
(scrartcl)              `parskip=half,version=first'.
(scrartcl)              If you don't want this, you should simply
(scrartcl)              replace option `halfparskip' by `parskip=half'.

Class scrartcl Info: Switching compatibility level to `first'.
Class scrartcl Info: File `scrsize11pt.clo' used instead of
(scrartcl)           file `scrsize11.clo' to setup font sizes on input line 203
3.
(/usr/share/texlive/texmf-dist/tex/latex/koma-script/scrsize11pt.clo
File: scrsize11pt.clo 2015/10/03 v3.19a KOMA-Script font size class option (11p
t)
)
(/usr/share/texlive/texmf-dist/tex/latex/koma-script/typearea.sty
Package: typearea 2015/10/03 v3.19a KOMA-Script package (type area)

Package typearea, 2015/10/03 v3.19a KOMA-Script package (type area)
                  Copyright (C) Frank Neukam, 1992-1994
                  Copyright (C) Markus Kohm, 1994-

\ta@bcor=\skip41
\ta@div=\count79
Package typearea Info: You've used standard option `pdftex'.
(typearea)             This is correct!
(typearea)             Internally I'm using `pagesize=pdftex'.
(typearea)             If you'd like to set the option with \KOMAoptions,
(typearea)             you'd have to use `pagesize=pdftex' there
(typearea)             instead of `pdftex', too.
Package typearea Info: You've used standard option `a4paper'.
(typearea)             This is correct!
(typearea)             Internally I'm using `paper=a4'.
(typearea)             If you'd like to set the option with \KOMAoptions,
(typearea)             you'd have to use `paper=a4' there
(typearea)             instead of `a4paper', too.
\ta@hblk=\skip42
\ta@vblk=\skip43
\ta@temp=\skip44
\footheight=\skip45
Package typearea Info: These are the values describing the layout:
(typearea)             DIV  = 10
(typearea)             BCOR = 0.0pt
(typearea)             \paperwidth      = 597.50793pt
(typearea)              \textwidth      = 418.25555pt
(typearea)              DIV departure   = -6%
(typearea)              \evensidemargin = 17.3562pt
(typearea)              \oddsidemargin  = 17.3562pt
(typearea)             \paperheight     = 845.04694pt
(typearea)              \textheight     = 595.80026pt
(typearea)              \topmargin      = -25.16531pt
(typearea)              \headheight     = 17.0pt
(typearea)              \headsep        = 20.40001pt
(typearea)              \topskip        = 11.0pt
(typearea)              \footskip       = 47.6pt
(typearea)              \baselineskip   = 13.6pt
(typearea)              on input line 1509.
)
\c@part=\count80
\c@section=\count81
\c@subsection=\count82
\c@subsubsection=\count83
\c@paragraph=\count84
\c@subparagraph=\count85
LaTeX Info: Redefining \textsubscript on input line 3906.
\abovecaptionskip=\skip46
\belowcaptionskip=\skip47
\c@pti@nb@sid@b@x=\box26
\c@figure=\count86
\c@table=\count87
\bibindent=\dimen102
) (/usr/share/texlive/texmf-dist/tex/generic/german/ngerman.sty
v2.5e 1998-07-08
Package: ngerman 1998/07/08 v2.5e Support for writing german texts (br)
\grmnU@D=\dimen103
ngerman -- \language number for naustrian undefined, default 9 used.
ngerman -- \language number for French undefined, default 255 used.
) (/usr/share/texlive/texmf-dist/tex/latex/amsmath/amsmath.sty
Package: amsmath 2016/03/03 v2.15a AMS math features
\@mathmargin=\skip48

For additional information on amsmath, use the `?' option.
(/usr/share/texlive/texmf-dist/tex/latex/amsmath/amstext.sty
Package: amstext 2000/06/29 v2.01 AMS text

(/usr/share/texlive/texmf-dist/tex/latex/amsmath/amsgen.sty
File: amsgen.sty 1999/11/30 v2.0 generic functions
\@emptytoks=\toks15
\ex@=\dimen104
))
(/usr/share/texlive/texmf-dist/tex/latex/amsmath/amsbsy.sty
Package: amsbsy 1999/11/29 v1.2d Bold Symbols
\pmbraise@=\dimen105
)
(/usr/share/texlive/texmf-dist/tex/latex/amsmath/amsopn.sty
Package: amsopn 1999/12/14 v2.01 operator names
)
\inf@bad=\count88
LaTeX Info: Redefining \frac on input line 199.
\uproot@=\count89
\leftroot@=\count90
LaTeX Info: Redefining \overline on input line 297.
\classnum@=\count91
\DOTSCASE@=\count92
LaTeX Info: Redefining \ldots on input line 394.
LaTeX Info: Redefining \dots on input line 397.
LaTeX Info: Redefining \cdots on input line 518.
\Mathstrutbox@=\box27
\strutbox@=\box28
\big@size=\dimen106
LaTeX Font Info:    Redeclaring font encoding OML on input line 630.
LaTeX Font Info:    Redeclaring font encoding OMS on input line 631.
\macc@depth=\count93
\c@MaxMatrixCols=\count94
\dotsspace@=\muskip10
\c@parentequation=\count95
\dspbrk@lvl=\count96
\tag@help=\toks16
\row@=\count97
\column@=\count98
\maxfields@=\count99
\andhelp@=\toks17
\eqnshift@=\dimen107
\alignsep@=\dimen108
\tagshift@=\dimen109
\tagwidth@=\dimen110
\totwidth@=\dimen111
\lineht@=\dimen112
\@envbody=\toks18
\multlinegap=\skip49
\multlinetaggap=\skip50
\mathdisplay@stack=\toks19
LaTeX Info: Redefining \[ on input line 2735.
LaTeX Info: Redefining \] on input line 2736.
)
(/usr/share/texlive/texmf-dist/tex/latex/tools/verbatim.sty
Package: verbatim 2014/10/28 v1.5q LaTeX2e package for verbatim enhancements
\every@verbatim=\toks20
\verbatim@line=\toks21
\verbatim@in@stream=\read1
)
(/usr/share/texlive/texmf-dist/tex/latex/base/inputenc.sty
Package: inputenc 2015/03/17 v1.2c Input encoding file
\inpenc@prehook=\toks22
\inpenc@posthook=\toks23

(/usr/share/texlive/texmf-dist/tex/latex/base/latin1.def
File: latin1.def 2015/03/17 v1.2c Input encoding file
)
(/usr/share/texlive/texmf-dist/tex/latex/base/utf8.def
File: utf8.def 2015/12/03 v1.1r UTF-8 support for inputenc
Now handling font encoding OML ...
... no UTF-8 mapping file for font encoding OML
Now handling font encoding T1 ...
... processing UTF-8 mapping file for font encoding T1

(/usr/share/texlive/texmf-dist/tex/latex/base/t1enc.dfu
File: t1enc.dfu 2015/12/03 v1.1r UTF-8 support for inputenc
   defining Unicode char U+00A0 (decimal 160)
   defining Unicode char U+00A1 (decimal 161)
   defining Unicode char U+00A3 (decimal 163)
   defining Unicode char U+00AB (decimal 171)
   defining Unicode char U+00AD (decimal 173)
   defining Unicode char U+00BB (decimal 187)
   defining Unicode char U+00BF (decimal 191)
   defining Unicode char U+00C0 (decimal 192)
   defining Unicode char U+00C1 (decimal 193)
   defining Unicode char U+00C2 (decimal 194)
   defining Unicode char U+00C3 (decimal 195)
   defining Unicode char U+00C4 (decimal 196)
   defining Unicode char U+00C5 (decimal 197)
   defining Unicode char U+00C6 (decimal 198)
   defining Unicode char U+00C7 (decimal 199)
   defining Unicode char U+00C8 (decimal 200)
   defining Unicode char U+00C9 (decimal 201)
   defining Unicode char U+00CA (decimal 202)
   defining Unicode char U+00CB (decimal 203)
   defining Unicode char U+00CC (decimal 204)
   defining Unicode char U+00CD (decimal 205)
   defining Unicode char U+00CE (decimal 206)
   defining Unicode char U+00CF (decimal 207)
   defining Unicode char U+00D0 (decimal 208)
   defining Unicode char U+00D1 (decimal 209)
   defining Unicode char U+00D2 (decimal 210)
   defining Unicode char U+00D3 (decimal 211)
   defining Unicode char U+00D4 (decimal 212)
   defining Unicode char U+00D5 (decimal 213)
   defining Unicode char U+00D6 (decimal 214)
   defining Unicode char U+00D8 (decimal 216)
   defining Unicode char U+00D9 (decimal 217)
   defining Unicode char U+00DA (decimal 218)
   defining Unicode char U+00DB (decimal 219)
   defining Unicode char U+00DC (decimal 220)
   defining Unicode char U+00DD (decimal 221)
   defining Unicode char U+00DE (decimal 222)
   defining Unicode char U+00DF (decimal 223)
   defining Unicode char U+00E0 (decimal 224)
   defining Unicode char U+00E1 (decimal 225)
   defining Unicode char U+00E2 (decimal 226)
   defining Unicode char U+00E3 (decimal 227)
   defining Unicode char U+00E4 (decimal 228)
   defining Unicode char U+00E5 (decimal 229)
   defining Unicode char U+00E6 (decimal 230)
   defining Unicode char U+00E7 (decimal 231)
   defining Unicode char U+00E8 (decimal 232)
   defining Unicode char U+00E9 (decimal 233)
   defining Unicode char U+00EA (decimal 234)
   defining Unicode char U+00EB (decimal 235)
   defining Unicode char U+00EC (decimal 236)
   defining Unicode char U+00ED (decimal 237)
   defining Unicode char U+00EE (decimal 238)
   defining Unicode char U+00EF (decimal 239)
   defining Unicode char U+00F0 (decimal 240)
   defining Unicode char U+00F1 (decimal 241)
   defining Unicode char U+00F2 (decimal 242)
   defining Unicode char U+00F3 (decimal 243)
   defining Unicode char U+00F4 (decimal 244)
   defining Unicode char U+00F5 (decimal 245)
   defining Unicode char U+00F6 (decimal 246)
   defining Unicode char U+00F8 (decimal 248)
   defining Unicode char U+00F9 (decimal 249)
   defining Unicode char U+00FA (decimal 250)
   defining Unicode char U+00FB (decimal 251)
   defining Unicode char U+00FC (decimal 252)
   defining Unicode char U+00FD (decimal 253)
   defining Unicode char U+00FE (decimal 254)
   defining Unicode char U+00FF (decimal 255)
   defining Unicode char U+0100 (decimal 256)
   defining Unicode char U+0101 (decimal 257)
   defining Unicode char U+0102 (decimal 258)
   defining Unicode char U+0103 (decimal 259)
   defining Unicode char U+0104 (decimal 260)
   defining Unicode char U+0105 (decimal 261)
   defining Unicode char U+0106 (decimal 262)
   defining Unicode char U+0107 (decimal 263)
   defining Unicode char U+0108 (decimal 264)
   defining Unicode char U+0109 (decimal 265)
   defining Unicode char U+010A (decimal 266)
   defining Unicode char U+010B (decimal 267)
   defining Unicode char U+010C (decimal 268)
   defining Unicode char U+010D (decimal 269)
   defining Unicode char U+010E (decimal 270)
   defining Unicode char U+010F (decimal 271)
   defining Unicode char U+0110 (decimal 272)
   defining Unicode char U+0111 (decimal 273)
   defining Unicode char U+0112 (decimal 274)
   defining Unicode char U+0113 (decimal 275)
   defining Unicode char U+0114 (decimal 276)
   defining Unicode char U+0115 (decimal 277)
   defining Unicode char U+0116 (decimal 278)
   defining Unicode char U+0117 (decimal 279)
   defining Unicode char U+0118 (decimal 280)
   defining Unicode char U+0119 (decimal 281)
   defining Unicode char U+011A (decimal 282)
   defining Unicode char U+011B (decimal 283)
   defining Unicode char U+011C (decimal 284)
   defining Unicode char U+011D (decimal 285)
   defining Unicode char U+011E (decimal 286)
   defining Unicode char U+011F (decimal 287)
   defining Unicode char U+0120 (decimal 288)
   defining Unicode char U+0121 (decimal 289)
   defining Unicode char U+0122 (decimal 290)
   defining Unicode char U+0123 (decimal 291)
   defining Unicode char U+0124 (decimal 292)
   defining Unicode char U+0125 (decimal 293)
   defining Unicode char U+0128 (decimal 296)
   defining Unicode char U+0129 (decimal 297)
   defining Unicode char U+012A (decimal 298)
   defining Unicode char U+012B (decimal 299)
   defining Unicode char U+012C (decimal 300)
   defining Unicode char U+012D (decimal 301)
   defining Unicode char U+012E (decimal 302)
   defining Unicode char U+012F (decimal 303)
   defining Unicode char U+0130 (decimal 304)
   defining Unicode char U+0131 (decimal 305)
   defining Unicode char U+0132 (decimal 306)
   defining Unicode char U+0133 (decimal 307)
   defining Unicode char U+0134 (decimal 308)
   defining Unicode char U+0135 (decimal 309)
   defining Unicode char U+0136 (decimal 310)
   defining Unicode char U+0137 (decimal 311)
   defining Unicode char U+0139 (decimal 313)
   defining Unicode char U+013A (decimal 314)
   defining Unicode char U+013B (decimal 315)
   defining Unicode char U+013C (decimal 316)
   defining Unicode char U+013D (decimal 317)
   defining Unicode char U+013E (decimal 318)
   defining Unicode char U+0141 (decimal 321)
   defining Unicode char U+0142 (decimal 322)
   defining Unicode char U+0143 (decimal 323)
   defining Unicode char U+0144 (decimal 324)
   defining Unicode char U+0145 (decimal 325)
   defining Unicode char U+0146 (decimal 326)
   defining Unicode char U+0147 (decimal 327)
   defining Unicode char U+0148 (decimal 328)
   defining Unicode char U+014A (decimal 330)
   defining Unicode char U+014B (decimal 331)
   defining Unicode char U+014C (decimal 332)
   defining Unicode char U+014D (decimal 333)
   defining Unicode char U+014E (decimal 334)
   defining Unicode char U+014F (decimal 335)
   defining Unicode char U+0150 (decimal 336)
   defining Unicode char U+0151 (decimal 337)
   defining Unicode char U+0152 (decimal 338)
   defining Unicode char U+0153 (decimal 339)
   defining Unicode char U+0154 (decimal 340)
   defining Unicode char U+0155 (decimal 341)
   defining Unicode char U+0156 (decimal 342)
   defining Unicode char U+0157 (decimal 343)
   defining Unicode char U+0158 (decimal 344)
   defining Unicode char U+0159 (decimal 345)
   defining Unicode char U+015A (decimal 346)
   defining Unicode char U+015B (decimal 347)
   defining Unicode char U+015C (decimal 348)
   defining Unicode char U+015D (decimal 349)
   defining Unicode char U+015E (decimal 350)
   defining Unicode char U+015F (decimal 351)
   defining Unicode char U+0160 (decimal 352)
   defining Unicode char U+0161 (decimal 353)
   defining Unicode char U+0162 (decimal 354)
   defining Unicode char U+0163 (decimal 355)
   defining Unicode char U+0164 (decimal 356)
   defining Unicode char U+0165 (decimal 357)
   defining Unicode char U+0168 (decimal 360)
   defining Unicode char U+0169 (decimal 361)
   defining Unicode char U+016A (decimal 362)
   defining Unicode char U+016B (decimal 363)
   defining Unicode char U+016C (decimal 364)
   defining Unicode char U+016D (decimal 365)
   defining Unicode char U+016E (decimal 366)
   defining Unicode char U+016F (decimal 367)
   defining Unicode char U+0170 (decimal 368)
   defining Unicode char U+0171 (decimal 369)
   defining Unicode char U+0172 (decimal 370)
   defining Unicode char U+0173 (decimal 371)
   defining Unicode char U+0174 (decimal 372)
   defining Unicode char U+0175 (decimal 373)
   defining Unicode char U+0176 (decimal 374)
   defining Unicode char U+0177 (decimal 375)
   defining Unicode char U+0178 (decimal 376)
   defining Unicode char U+0179 (decimal 377)
   defining Unicode char U+017A (decimal 378)
   defining Unicode char U+017B (decimal 379)
   defining Unicode char U+017C (decimal 380)
   defining Unicode char U+017D (decimal 381)
   defining Unicode char U+017E (decimal 382)
   defining Unicode char U+01CD (decimal 461)
   defining Unicode char U+01CE (decimal 462)
   defining Unicode char U+01CF (decimal 463)
   defining Unicode char U+01D0 (decimal 464)
   defining Unicode char U+01D1 (decimal 465)
   defining Unicode char U+01D2 (decimal 466)
   defining Unicode char U+01D3 (decimal 467)
   defining Unicode char U+01D4 (decimal 468)
   defining Unicode char U+01E2 (decimal 482)
   defining Unicode char U+01E3 (decimal 483)
   defining Unicode char U+01E6 (decimal 486)
   defining Unicode char U+01E7 (decimal 487)
   defining Unicode char U+01E8 (decimal 488)
   defining Unicode char U+01E9 (decimal 489)
   defining Unicode char U+01EA (decimal 490)
   defining Unicode char U+01EB (decimal 491)
   defining Unicode char U+01F0 (decimal 496)
   defining Unicode char U+01F4 (decimal 500)
   defining Unicode char U+01F5 (decimal 501)
   defining Unicode char U+0218 (decimal 536)
   defining Unicode char U+0219 (decimal 537)
   defining Unicode char U+021A (decimal 538)
   defining Unicode char U+021B (decimal 539)
   defining Unicode char U+01E02 (decimal 7682)
   defining Unicode char U+01E03 (decimal 7683)
   defining Unicode char U+200C (decimal 8204)
   defining Unicode char U+2013 (decimal 8211)
   defining Unicode char U+2014 (decimal 8212)
   defining Unicode char U+2018 (decimal 8216)
   defining Unicode char U+2019 (decimal 8217)
   defining Unicode char U+201A (decimal 8218)
   defining Unicode char U+201C (decimal 8220)
   defining Unicode char U+201D (decimal 8221)
   defining Unicode char U+201E (decimal 8222)
   defining Unicode char U+2030 (decimal 8240)
   defining Unicode char U+2031 (decimal 8241)
   defining Unicode char U+2039 (decimal 8249)
   defining Unicode char U+203A (decimal 8250)
   defining Unicode char U+2423 (decimal 9251)
)
Now handling font encoding OT1 ...
... processing UTF-8 mapping file for font encoding OT1

(/usr/share/texlive/texmf-dist/tex/latex/base/ot1enc.dfu
File: ot1enc.dfu 2015/12/03 v1.1r UTF-8 support for inputenc
   defining Unicode char U+00A0 (decimal 160)
   defining Unicode char U+00A1 (decimal 161)
   defining Unicode char U+00A3 (decimal 163)
   defining Unicode char U+00AD (decimal 173)
   defining Unicode char U+00B8 (decimal 184)
   defining Unicode char U+00BF (decimal 191)
   defining Unicode char U+00C5 (decimal 197)
   defining Unicode char U+00C6 (decimal 198)
   defining Unicode char U+00D8 (decimal 216)
   defining Unicode char U+00DF (decimal 223)
   defining Unicode char U+00E6 (decimal 230)
   defining Unicode char U+00EC (decimal 236)
   defining Unicode char U+00ED (decimal 237)
   defining Unicode char U+00EE (decimal 238)
   defining Unicode char U+00EF (decimal 239)
   defining Unicode char U+00F8 (decimal 248)
   defining Unicode char U+0131 (decimal 305)
   defining Unicode char U+0141 (decimal 321)
   defining Unicode char U+0142 (decimal 322)
   defining Unicode char U+0152 (decimal 338)
   defining Unicode char U+0153 (decimal 339)
   defining Unicode char U+0174 (decimal 372)
   defining Unicode char U+0175 (decimal 373)
   defining Unicode char U+0176 (decimal 374)
   defining Unicode char U+0177 (decimal 375)
   defining Unicode char U+0218 (decimal 536)
   defining Unicode char U+0219 (decimal 537)
   defining Unicode char U+021A (decimal 538)
   defining Unicode char U+021B (decimal 539)
   defining Unicode char U+2013 (decimal 8211)
   defining Unicode char U+2014 (decimal 8212)
   defining Unicode char U+2018 (decimal 8216)
   defining Unicode char U+2019 (decimal 8217)
   defining Unicode char U+201C (decimal 8220)
   defining Unicode char U+201D (decimal 8221)
)
Now handling font encoding OMS ...
... processing UTF-8 mapping file for font encoding OMS

(/usr/share/texlive/texmf-dist/tex/latex/base/omsenc.dfu
File: omsenc.dfu 2015/12/03 v1.1r UTF-8 support for inputenc
   defining Unicode char U+00A7 (decimal 167)
   defining Unicode char U+00B6 (decimal 182)
   defining Unicode char U+00B7 (decimal 183)
   defining Unicode char U+2020 (decimal 8224)
   defining Unicode char U+2021 (decimal 8225)
   defining Unicode char U+2022 (decimal 8226)
)
Now handling font encoding OMX ...
... no UTF-8 mapping file for font encoding OMX
Now handling font encoding U ...
... no UTF-8 mapping file for font encoding U
   defining Unicode char U+00A9 (decimal 169)
   defining Unicode char U+00AA (decimal 170)
   defining Unicode char U+00AE (decimal 174)
   defining Unicode char U+00BA (decimal 186)
   defining Unicode char U+02C6 (decimal 710)
   defining Unicode char U+02DC (decimal 732)
   defining Unicode char U+200C (decimal 8204)
   defining Unicode char U+2026 (decimal 8230)
   defining Unicode char U+2122 (decimal 8482)
   defining Unicode char U+2423 (decimal 9251)
))
(/usr/share/texlive/texmf-dist/tex/latex/base/fontenc.sty
Package: fontenc 2005/09/27 v1.99g Standard LaTeX package

(/usr/share/texlive/texmf-dist/tex/latex/base/t1enc.def
File: t1enc.def 2005/09/27 v1.99g Standard LaTeX file
LaTeX Font Info:    Redeclaring font encoding T1 on input line 48.
))
(/usr/share/texlive/texmf-dist/tex/latex/hyperref/hyperref.sty
Package: hyperref 2012/11/06 v6.83m Hypertext links for LaTeX

(/usr/share/texlive/texmf-dist/tex/generic/oberdiek/hobsub-hyperref.sty
Package: hobsub-hyperref 2012/05/28 v1.13 Bundle oberdiek, subset hyperref (HO)


(/usr/share/texlive/texmf-dist/tex/generic/oberdiek/hobsub-generic.sty
Package: hobsub-generic 2012/05/28 v1.13 Bundle oberdiek, subset generic (HO)
Package: hobsub 2012/05/28 v1.13 Construct package bundles (HO)
Package: infwarerr 2010/04/08 v1.3 Providing info/warning/error messages (HO)
Package: ltxcmds 2011/11/09 v1.22 LaTeX kernel commands for general use (HO)
Package: ifluatex 2010/03/01 v1.3 Provides the ifluatex switch (HO)
Package ifluatex Info: LuaTeX not detected.
Package: ifvtex 2010/03/01 v1.5 Detect VTeX and its facilities (HO)
Package ifvtex Info: VTeX not detected.
Package: intcalc 2007/09/27 v1.1 Expandable calculations with integers (HO)
Package: ifpdf 2011/01/30 v2.3 Provides the ifpdf switch (HO)
Package ifpdf Info: pdfTeX in PDF mode is detected.
Package: etexcmds 2011/02/16 v1.5 Avoid name clashes with e-TeX commands (HO)
Package etexcmds Info: Could not find \expanded.
(etexcmds)             That can mean that you are not using pdfTeX 1.50 or
(etexcmds)             that some package has redefined \expanded.
(etexcmds)             In the latter case, load this package earlier.
Package: kvsetkeys 2012/04/25 v1.16 Key value parser (HO)
Package: kvdefinekeys 2011/04/07 v1.3 Define keys (HO)
Package: pdftexcmds 2011/11/29 v0.20 Utility functions of pdfTeX for LuaTeX (HO
)
Package pdftexcmds Info: LuaTeX not detected.
Package pdftexcmds Info: \pdf@primitive is available.
Package pdftexcmds Info: \pdf@ifprimitive is available.
Package pdftexcmds Info: \pdfdraftmode found.
Package: pdfescape 2011/11/25 v1.13 Implements pdfTeX's escape features (HO)
Package: bigintcalc 2012/04/08 v1.3 Expandable calculations on big integers (HO
)
Package: bitset 2011/01/30 v1.1 Handle bit-vector datatype (HO)
Package: uniquecounter 2011/01/30 v1.2 Provide unlimited unique counter (HO)
)
Package hobsub Info: Skipping package `hobsub' (already loaded).
Package: letltxmacro 2010/09/02 v1.4 Let assignment for LaTeX macros (HO)
Package: hopatch 2012/05/28 v1.2 Wrapper for package hooks (HO)
Package: xcolor-patch 2011/01/30 xcolor patch
Package: atveryend 2011/06/30 v1.8 Hooks at the very end of document (HO)
Package atveryend Info: \enddocument detected (standard20110627).
Package: atbegshi 2011/10/05 v1.16 At begin shipout hook (HO)
Package: refcount 2011/10/16 v3.4 Data extraction from label references (HO)
Package: hycolor 2011/01/30 v1.7 Color options for hyperref/bookmark (HO)
)
(/usr/share/texlive/texmf-dist/tex/generic/ifxetex/ifxetex.sty
Package: ifxetex 2010/09/12 v0.6 Provides ifxetex conditional
)
(/usr/share/texlive/texmf-dist/tex/latex/oberdiek/auxhook.sty
Package: auxhook 2011/03/04 v1.3 Hooks for auxiliary files (HO)
)
(/usr/share/texlive/texmf-dist/tex/latex/oberdiek/kvoptions.sty
Package: kvoptions 2011/06/30 v3.11 Key value format for package options (HO)
)
\@linkdim=\dimen113
\Hy@linkcounter=\count100
\Hy@pagecounter=\count101

(/usr/share/texlive/texmf-dist/tex/latex/hyperref/pd1enc.def
File: pd1enc.def 2012/11/06 v6.83m Hyperref: PDFDocEncoding definition (HO)
Now handling font encoding PD1 ...
... no UTF-8 mapping file for font encoding PD1
)
\Hy@SavedSpaceFactor=\count102

(/usr/share/texlive/texmf-dist/tex/latex/latexconfig/hyperref.cfg
File: hyperref.cfg 2002/06/06 v1.2 hyperref configuration of TeXLive
)
Package hyperref Info: Hyper figures OFF on input line 4443.
Package hyperref Info: Link nesting OFF on input line 4448.
Package hyperref Info: Hyper index ON on input line 4451.
Package hyperref Info: Plain pages OFF on input line 4458.
Package hyperref Info: Backreferencing OFF on input line 4463.
Package hyperref Info: Implicit mode ON; LaTeX internals redefined.
Package hyperref Info: Bookmarks ON on input line 4688.
\c@Hy@tempcnt=\count103

(/usr/share/texlive/texmf-dist/tex/latex/url/url.sty
\Urlmuskip=\muskip11
Package: url 2013/09/16  ver 3.4  Verb mode for urls, etc.
)
LaTeX Info: Redefining \url on input line 5041.
\XeTeXLinkMargin=\dimen114
\Fld@menulength=\count104
\Field@Width=\dimen115
\Fld@charsize=\dimen116
Package hyperref Info: Hyper figures OFF on input line 6295.
Package hyperref Info: Link nesting OFF on input line 6300.
Package hyperref Info: Hyper index ON on input line 6303.
Package hyperref Info: backreferencing OFF on input line 6310.
Package hyperref Info: Link coloring OFF on input line 6315.
Package hyperref Info: Link coloring with OCG OFF on input line 6320.
Package hyperref Info: PDF/A mode OFF on input line 6325.
LaTeX Info: Redefining \ref on input line 6365.
LaTeX Info: Redefining \pageref on input line 6369.
\Hy@abspage=\count105
\c@Item=\count106
\c@Hfootnote=\count107
)

Package hyperref Message: Driver: hpdftex.

(/usr/share/texlive/texmf-dist/tex/latex/hyperref/hpdftex.def
File: hpdftex.def 2012/11/06 v6.83m Hyperref driver for pdfTeX
\Fld@listcount=\count108
\c@bookmark@seq@number=\count109

(/usr/share/texlive/texmf-dist/tex/latex/oberdiek/rerunfilecheck.sty
Package: rerunfilecheck 2011/04/15 v1.7 Rerun checks for auxiliary files (HO)
Package uniquecounter Info: New unique counter `rerunfilecheck' on input line 2
82.
)
\Hy@SectionHShift=\skip51
)
(/usr/share/texlive/texmf-dist/tex/latex/graphics/graphicx.sty
Package: graphicx 2014/10/28 v1.0g Enhanced LaTeX Graphics (DPC,SPQR)

(/usr/share/texlive/texmf-dist/tex/latex/graphics/graphics.sty
Package: graphics 2016/01/03 v1.0q Standard LaTeX Graphics (DPC,SPQR)

(/usr/share/texlive/texmf-dist/tex/latex/graphics/trig.sty
Package: trig 2016/01/03 v1.10 sin cos tan (DPC)
)
(/usr/share/texlive/texmf-dist/tex/latex/latexconfig/graphics.cfg
File: graphics.cfg 2010/04/23 v1.9 graphics configuration of TeX Live
)
Package graphics Info: Driver file: pdftex.def on input line 95.

(/usr/share/texlive/texmf-dist/tex/latex/pdftex-def/pdftex.def
File: pdftex.def 2011/05/27 v0.06d Graphics/color for pdfTeX
\Gread@gobject=\count110
))
\Gin@req@height=\dimen117
\Gin@req@width=\dimen118
)
(/usr/share/texlive/texmf-dist/tex/latex/graphics/color.sty
Package: color 2016/01/03 v1.1b Standard LaTeX Color (DPC)

(/usr/share/texlive/texmf-dist/tex/latex/latexconfig/color.cfg
File: color.cfg 2007/01/18 v1.5 color configuration of teTeX/TeXLive
)
Package color Info: Driver file: pdftex.def on input line 143.
)

LaTeX Warning: Unused global option(s):
    [article].

(./doku.aux

LaTeX Warning: Label `fig:lage_bin16' multiply defined.

)
\openout1 = `doku.aux'.

LaTeX Font Info:    Checking defaults for OML/cmm/m/it on input line 22.
LaTeX Font Info:    ... okay on input line 22.
LaTeX Font Info:    Checking defaults for T1/cmr/m/n on input line 22.
LaTeX Font Info:    ... okay on input line 22.
LaTeX Font Info:    Checking defaults for OT1/cmr/m/n on input line 22.
LaTeX Font Info:    ... okay on input line 22.
LaTeX Font Info:    Checking defaults for OMS/cmsy/m/n on input line 22.
LaTeX Font Info:    ... okay on input line 22.
LaTeX Font Info:    Checking defaults for OMX/cmex/m/n on input line 22.
LaTeX Font Info:    ... okay on input line 22.
LaTeX Font Info:    Checking defaults for U/cmr/m/n on input line 22.
LaTeX Font Info:    ... okay on input line 22.
LaTeX Font Info:    Checking defaults for PD1/pdf/m/n on input line 22.
LaTeX Font Info:    ... okay on input line 22.
\AtBeginShipoutBox=\box29
Package hyperref Info: Link coloring OFF on input line 22.
 (/usr/share/texlive/texmf-dist/tex/latex/hyperref/nameref.sty
Package: nameref 2012/10/27 v2.43 Cross-referencing by name of section

(/usr/share/texlive/texmf-dist/tex/generic/oberdiek/gettitlestring.sty
Package: gettitlestring 2010/12/03 v1.4 Cleanup title references (HO)
)
\c@section@level=\count111
)
LaTeX Info: Redefining \ref on input line 22.
LaTeX Info: Redefining \pageref on input line 22.
LaTeX Info: Redefining \nameref on input line 22.

(./doku.out) (./doku.out)
\@outlinefile=\write3
\openout3 = `doku.out'.


(/usr/share/texlive/texmf-dist/tex/context/base/supp-pdf.mkii
[Loading MPS to PDF converter (version 2006.09.02).]
\scratchcounter=\count112
\scratchdimen=\dimen119
\scratchbox=\box30
\nofMPsegments=\count113
\nofMParguments=\count114
\everyMPshowfont=\toks24
\MPscratchCnt=\count115
\MPscratchDim=\dimen120
\MPnumerator=\count116
\makeMPintoPDFobject=\count117
\everyMPtoPDFconversion=\toks25
) (/usr/share/texlive/texmf-dist/tex/latex/oberdiek/epstopdf-base.sty
Package: epstopdf-base 2010/02/09 v2.5 Base part for package epstopdf

(/usr/share/texlive/texmf-dist/tex/latex/oberdiek/grfext.sty
Package: grfext 2010/08/19 v1.1 Manage graphics extensions (HO)
)
Package grfext Info: Graphics extension search list:
(grfext)             [.png,.pdf,.jpg,.mps,.jpeg,.jbig2,.jb2,.PNG,.PDF,.JPG,.JPE
G,.JBIG2,.JB2,.eps]
(grfext)             \AppendGraphicsExtensions on input line 452.

(/usr/share/texlive/texmf-dist/tex/latex/latexconfig/epstopdf-sys.cfg
File: epstopdf-sys.cfg 2010/07/13 v1.3 Configuration of (r)epstopdf for TeX Liv
e
))
LaTeX Font Info:    Try loading font information for T1+cmss on input line 25.

(/usr/share/texlive/texmf-dist/tex/latex/base/t1cmss.fd
File: t1cmss.fd 2014/09/29 v2.5h Standard LaTeX font definitions
) (./doku.toc [1



{/var/lib/texmf/fonts/map/pdftex/updmap/pdftex.map}])
\tf@toc=\write4
\openout4 = `doku.toc'.

 [2] [3] [4]
Overfull \hbox (35.02327pt too wide) in paragraph at lines 91--92
[]\T1/cmr/m/n/10.95 Benutzung ent-we-der ei-ner lo-gis-ti-schen oder Tangens-Hy
perbolicus
 []


Overfull \hbox (12.99841pt too wide) in paragraph at lines 91--92
\T1/cmr/m/n/10.95 groÿen ne-ga-ti-ven Wer-ten ge-gen 0 (lo-gis-ti-sche Funk-ti-
on) oder -1 (Tangens-Hyperbolicus
 []

[5] <./images/colah_cnn.png, id=326, 1230.5975pt x 741.77126pt>
File: ./images/colah_cnn.png Graphic file (type png)

<use ./images/colah_cnn.png>
Package pdftex.def Info: ./images/colah_cnn.png used on input line 115.
(pdftex.def)             Requested size: 209.12778pt x 126.05417pt.
LaTeX Font Info:    Try loading font information for T1+cmtt on input line 116.


(/usr/share/texlive/texmf-dist/tex/latex/base/t1cmtt.fd
File: t1cmtt.fd 2014/09/29 v2.5h Standard LaTeX font definitions
) [6]
<./images/gimp_doku_edges_kernel.png, id=338, 50.1875pt x 50.1875pt>
File: ./images/gimp_doku_edges_kernel.png Graphic file (type png)

<use ./images/gimp_doku_edges_kernel.png>
Package pdftex.def Info: ./images/gimp_doku_edges_kernel.png used on input line
 127.
(pdftex.def)             Requested size: 62.73897pt x 62.74338pt.

<./images/gimp_doku_edges.jpg, id=339, 150.5625pt x 150.5625pt>
File: ./images/gimp_doku_edges.jpg Graphic file (type jpg)

<use ./images/gimp_doku_edges.jpg>
Package pdftex.def Info: ./images/gimp_doku_edges.jpg used on input line 131.
(pdftex.def)             Requested size: 167.30286pt x 167.31932pt.
 [7 <./images/colah_cnn.png>]
<./images/colah_rnn.png, id=356, 977.8131pt x 256.91985pt>
File: ./images/colah_rnn.png Graphic file (type png)

<use ./images/colah_rnn.png>
Package pdftex.def Info: ./images/colah_rnn.png used on input line 147.
(pdftex.def)             Requested size: 209.12778pt x 54.94658pt.
 [8 <./images/gimp_doku_edges_kernel.png (PNG copy)> <./images/gimp_doku_edges.
jpg> <./images/colah_rnn.png>]
<./images/colah_lstm.png, id=376, 806.89455pt x 303.17265pt>
File: ./images/colah_lstm.png Graphic file (type png)

<use ./images/colah_lstm.png>
Package pdftex.def Info: ./images/colah_lstm.png used on input line 166.
(pdftex.def)             Requested size: 209.12778pt x 78.57321pt.

<./images/colah_gru_small.png, id=381, 524.96124pt x 397.485pt>
File: ./images/colah_gru_small.png Graphic file (type png)

<use ./images/colah_gru_small.png>
Package pdftex.def Info: ./images/colah_gru_small.png used on input line 180.
(pdftex.def)             Requested size: 125.47794pt x 95.0041pt.
 [9 <./images/colah_lstm.png>] [10 <./images/colah_gru_small.png>] [11]
Overfull \hbox (0.37712pt too wide) in paragraph at lines 227--228
[]\T1/cmr/m/n/10.95 HTML ist die Stan-dard-pro-gram-mier-spra-che zur
 []

[12]
<./images/pix2code_paper_architecture.png, id=418, 1176.395pt x 308.15125pt>
File: ./images/pix2code_paper_architecture.png Graphic file (type png)

<use ./images/pix2code_paper_architecture.png>
Package pdftex.def Info: ./images/pix2code_paper_architecture.png used on input
 line 249.
(pdftex.def)             Requested size: 397.34149pt x 104.07883pt.


LaTeX Warning: `h' float specifier changed to `ht'.

[13] [14 <./images/pix2code_paper_architecture.png>] [15] [16]
Underfull \hbox (badness 10000) in paragraph at lines 360--362

 []


Overfull \hbox (27.06976pt too wide) in paragraph at lines 367--368
\T1/cmr/m/n/10.95 leit-bar und da-mit von An-fang bis En-de op-ti-mier-bar mit 
ei-nem Gradienten-Abstiegsverfahren. 
 []


Overfull \hbox (34.42564pt too wide) in paragraph at lines 375--376
[]\T1/cmr/m/n/10.95 Um ein ers-tes Trainings-Sample zu bil-den, wird ein Vek-to
r $\OML/cmm/m/it/10.95 S[]$ \T1/cmr/m/n/10.95 der Län-ge $[] \OT1/cmr/m/n/10.95
 =
 []


Overfull \hbox (40.98409pt too wide) in paragraph at lines 376--377
[]$\OML/cmm/m/it/10.95 S[]$ \T1/cmr/m/n/10.95 wird nur mit dem \T1/cmtt/m/n/10.
95 start\T1/cmr/m/n/10.95 -Token be-füllt. $\OML/cmm/m/it/10.95 S[] \OT1/cmr/m/
n/10.95 = []$ 
 []

[17]
Overfull \hbox (27.92311pt too wide) in paragraph at lines 403--404
\T1/cmr/m/n/10.95 Trai-nings, ein neu-er Kontext-Vektor $\OML/cmm/m/it/10.95 C[
] \OT1/cmr/m/n/10.95 = []$
 []

[18] [19] <./images/beispiel_daten.jpg, id=482, 1850.112pt x 1059.96pt>
File: ./images/beispiel_daten.jpg Graphic file (type jpg)

<use ./images/beispiel_daten.jpg>
Package pdftex.def Info: ./images/beispiel_daten.jpg used on input line 418.
(pdftex.def)             Requested size: 418.25555pt x 239.61287pt.
 [20 <./images/beispiel_daten.jpg>] [21]
Overfull \hbox (40.0725pt too wide) in paragraph at lines 504--504
[]        \T1/cmtt/m/n/10.95 row_count_layout_combinations[i] = list(row_count_
layout_combinations[i])[] 
 []


Overfull \hbox (90.99783pt too wide) in paragraph at lines 516--516
[]                            \T1/cmtt/m/n/10.95 menu = tokenBuilder.createMenu
(logo_flag, num_of_menue_button)[] 
 []


Overfull \hbox (62.70598pt too wide) in paragraph at lines 519--519
[]                            \T1/cmtt/m/n/10.95 sidebar = tokenBuilder.createS
idebar(num_of_menue_button)[] 
 []


Overfull \hbox (17.43901pt too wide) in paragraph at lines 523--523
[]                            \T1/cmtt/m/n/10.95 row = tokenBuilder.createRow(r
ow_count_layout[i])[] 
 []

[22] [23] <./images/beispiel_daten_2.jpg, id=510, 1850.112pt x 1040.688pt>
File: ./images/beispiel_daten_2.jpg Graphic file (type jpg)

<use ./images/beispiel_daten_2.jpg>
Package pdftex.def Info: ./images/beispiel_daten_2.jpg used on input line 578.
(pdftex.def)             Requested size: 188.21371pt x 105.8693pt.

<./images/beispiel_daten_3.jpg, id=511, 1850.112pt x 1059.96pt>
File: ./images/beispiel_daten_3.jpg Graphic file (type jpg)

<use ./images/beispiel_daten_3.jpg>
Package pdftex.def Info: ./images/beispiel_daten_3.jpg used on input line 582.
(pdftex.def)             Requested size: 188.21371pt x 107.82983pt.
 [24 <./images/beispiel_daten_2.jpg> <./images/beispiel_daten_3.jpg>] [25]
<./images/predictions_bin10_histogramm.png, id=527, 433.62pt x 289.08pt>
File: ./images/predictions_bin10_histogramm.png Graphic file (type png)

<use ./images/predictions_bin10_histogramm.png>
Package pdftex.def Info: ./images/predictions_bin10_histogramm.png used on inpu
t line 670.
(pdftex.def)             Requested size: 167.30286pt x 111.53653pt.

<./images/predictions_bin12_histogramm.png, id=528, 433.62pt x 289.08pt>
File: ./images/predictions_bin12_histogramm.png Graphic file (type png)

<use ./images/predictions_bin12_histogramm.png>
Package pdftex.def Info: ./images/predictions_bin12_histogramm.png used on inpu
t line 676.
(pdftex.def)             Requested size: 167.30286pt x 111.53653pt.
 [26 <./images/predictions_bin10_histogramm.png> <./images/predictions_bin12_hi
stogramm.png>]
Overfull \hbox (17.43901pt too wide) in paragraph at lines 692--692
[]\T1/cmtt/m/n/10.95 Layer (type)                    Output Shape         Param
 #     Connected to[] 
 []


Overfull \hbox (17.43901pt too wide) in paragraph at lines 694--694
[]\T1/cmtt/m/n/10.95 ==========================================================
===================[] 
 []


Overfull \hbox (17.43901pt too wide) in paragraph at lines 696--696
[]\T1/cmtt/m/n/10.95 __________________________________________________________
___________________[] 
 []


Overfull \hbox (17.43901pt too wide) in paragraph at lines 698--698
[]\T1/cmtt/m/n/10.95 __________________________________________________________
___________________[] 
 []


Overfull \hbox (23.09738pt too wide) in paragraph at lines 699--699
[]\T1/cmtt/m/n/10.95 sequential_1 (Sequential)       (None, 48, 1024)     10409
8080   input_1[0][0][] 
 []


Overfull \hbox (17.43901pt too wide) in paragraph at lines 700--700
[]\T1/cmtt/m/n/10.95 __________________________________________________________
___________________[] 
 []


Overfull \hbox (23.09738pt too wide) in paragraph at lines 701--701
[]\T1/cmtt/m/n/10.95 sequential_2 (Sequential)       (None, 48, 128)      20992
0      input_2[0][0][] 
 []


Overfull \hbox (17.43901pt too wide) in paragraph at lines 702--702
[]\T1/cmtt/m/n/10.95 __________________________________________________________
___________________[] 
 []


Overfull \hbox (51.38924pt too wide) in paragraph at lines 703--703
[]\T1/cmtt/m/n/10.95 concatenate_1 (Concatenate)     (None, 48, 1152)     0    
       sequential_1[1][0][] 
 []


Overfull \hbox (51.38924pt too wide) in paragraph at lines 704--704
[]                                                                 \T1/cmtt/m/n
/10.95 sequential_2[1][0][] 
 []


Overfull \hbox (17.43901pt too wide) in paragraph at lines 705--705
[]\T1/cmtt/m/n/10.95 __________________________________________________________
___________________[] 
 []


Overfull \hbox (57.0476pt too wide) in paragraph at lines 706--706
[]\T1/cmtt/m/n/10.95 lstm_3 (LSTM)                   (None, 48, 512)      34099
20     concatenate_1[0][0][] 
 []


Overfull \hbox (17.43901pt too wide) in paragraph at lines 707--707
[]\T1/cmtt/m/n/10.95 __________________________________________________________
___________________[] 
 []


Overfull \hbox (17.43901pt too wide) in paragraph at lines 708--708
[]\T1/cmtt/m/n/10.95 lstm_4 (LSTM)                   (None, 512)          20992
00     lstm_3[0][0][] 
 []


Overfull \hbox (17.43901pt too wide) in paragraph at lines 709--709
[]\T1/cmtt/m/n/10.95 __________________________________________________________
___________________[] 
 []


Overfull \hbox (17.43901pt too wide) in paragraph at lines 710--710
[]\T1/cmtt/m/n/10.95 dense_3 (Dense)                 (None, 20)           12312
       lstm_4[0][0][] 
 []

LaTeX Font Info:    Font shape `T1/cmtt/bx/n' in size <10.95> not available
(Font)              Font shape `T1/cmtt/m/n' tried instead on input line 716.
[27] [28] [29] [30]
Overfull \hbox (17.43901pt too wide) in paragraph at lines 833--833
[]\T1/cmtt/m/n/10.95 __________________________________________________________
___________________ 
 []


Overfull \hbox (17.43901pt too wide) in paragraph at lines 834--834
[]\T1/cmtt/m/n/10.95 Layer (type)                    Output Shape         Param
 #     Connected to[] 
 []


Overfull \hbox (17.43901pt too wide) in paragraph at lines 835--835
[]\T1/cmtt/m/n/10.95 ==========================================================
===================[] 
 []


Overfull \hbox (17.43901pt too wide) in paragraph at lines 837--837
[]\T1/cmtt/m/n/10.95 __________________________________________________________
___________________[] 
 []


Overfull \hbox (17.43901pt too wide) in paragraph at lines 839--839
[]\T1/cmtt/m/n/10.95 __________________________________________________________
___________________[] 
 []


Overfull \hbox (23.09738pt too wide) in paragraph at lines 840--840
[]\T1/cmtt/m/n/10.95 sequential_3 (Sequential)       (None, 48, 1024)     10409
8080   input_1[0][0][] 
 []


Overfull \hbox (17.43901pt too wide) in paragraph at lines 841--841
[]\T1/cmtt/m/n/10.95 __________________________________________________________
___________________[] 
 []


Overfull \hbox (23.09738pt too wide) in paragraph at lines 842--842
[]\T1/cmtt/m/n/10.95 sequential_4 (Sequential)       (None, 48, 192)      46233
6      input_2[0][0][] 
 []


Overfull \hbox (17.43901pt too wide) in paragraph at lines 843--843
[]\T1/cmtt/m/n/10.95 __________________________________________________________
___________________[] 
 []


Overfull \hbox (51.38924pt too wide) in paragraph at lines 844--844
[]\T1/cmtt/m/n/10.95 concatenate_1 (Concatenate)     (None, 48, 1216)     0    
       sequential_3[1][0][] 
 []


Overfull \hbox (51.38924pt too wide) in paragraph at lines 845--845
[]                                                                 \T1/cmtt/m/n
/10.95 sequential_4[1][0][] 
 []


Overfull \hbox (17.43901pt too wide) in paragraph at lines 846--846
[]\T1/cmtt/m/n/10.95 __________________________________________________________
___________________[] 
 []


Overfull \hbox (57.0476pt too wide) in paragraph at lines 847--847
[]\T1/cmtt/m/n/10.95 lstm_3 (LSTM)                   (None, 48, 768)      60979
20     concatenate_1[0][0][] 
 []


Overfull \hbox (17.43901pt too wide) in paragraph at lines 848--848
[]\T1/cmtt/m/n/10.95 __________________________________________________________
___________________[] 
 []


Overfull \hbox (17.43901pt too wide) in paragraph at lines 849--849
[]\T1/cmtt/m/n/10.95 lstm_4 (LSTM)                   (None, 768)          47216
64     lstm_3[0][0][] 
 []


Overfull \hbox (17.43901pt too wide) in paragraph at lines 850--850
[]\T1/cmtt/m/n/10.95 __________________________________________________________
___________________[] 
 []


Overfull \hbox (17.43901pt too wide) in paragraph at lines 851--851
[]\T1/cmtt/m/n/10.95 dense_3 (Dense)                 (None, 24)           18456
       lstm_4[0][0][] 
 []


Overfull \hbox (17.43901pt too wide) in paragraph at lines 852--852
[]\T1/cmtt/m/n/10.95 ==========================================================
===================[] 
 []

[31] [32]
Overfull \hbox (39.50752pt too wide) in paragraph at lines 898--899
\T1/cmr/m/n/10.95 Ein neu-es Da-ten-set mit 3096 Bil-dern wur-de er-stellt. Ein
 Drit-tel hat das Fea-ture \T1/cmtt/m/n/10.95 menue_logo_left\T1/cmr/m/n/10.95 
,
 []

[33] [34] [35] [36]
Overfull \hbox (17.43901pt too wide) in paragraph at lines 1059--1059
[]\T1/cmtt/m/n/10.95 Layer (type)                    Output Shape         Param
 #     Connected to[] 
 []


Overfull \hbox (17.43901pt too wide) in paragraph at lines 1060--1060
[]\T1/cmtt/m/n/10.95 ==========================================================
===================[] 
 []


Overfull \hbox (17.43901pt too wide) in paragraph at lines 1062--1062
[]\T1/cmtt/m/n/10.95 __________________________________________________________
___________________[] 
 []


Overfull \hbox (17.43901pt too wide) in paragraph at lines 1064--1064
[]\T1/cmtt/m/n/10.95 __________________________________________________________
___________________[] 
 []


Overfull \hbox (23.09738pt too wide) in paragraph at lines 1065--1065
[]\T1/cmtt/m/n/10.95 sequential_1 (Sequential)       (None, 48, 1024)     10409
8080   input_1[0][0][] 
 []


Overfull \hbox (17.43901pt too wide) in paragraph at lines 1066--1066
[]\T1/cmtt/m/n/10.95 __________________________________________________________
___________________[] 
 []


Overfull \hbox (23.09738pt too wide) in paragraph at lines 1067--1067
[]\T1/cmtt/m/n/10.95 sequential_2 (Sequential)       (None, 48, 128)      15705
6      input_2[0][0][] 
 []


Overfull \hbox (17.43901pt too wide) in paragraph at lines 1068--1068
[]\T1/cmtt/m/n/10.95 __________________________________________________________
___________________[] 
 []


Overfull \hbox (51.38924pt too wide) in paragraph at lines 1069--1069
[]\T1/cmtt/m/n/10.95 concatenate_1 (Concatenate)     (None, 48, 1152)     0    
       sequential_1[1][0][] 
 []


Overfull \hbox (51.38924pt too wide) in paragraph at lines 1070--1070
[]                                                                 \T1/cmtt/m/n
/10.95 sequential_2[1][0][] 
 []


Overfull \hbox (17.43901pt too wide) in paragraph at lines 1071--1071
[]\T1/cmtt/m/n/10.95 __________________________________________________________
___________________[] 
 []


Overfull \hbox (57.0476pt too wide) in paragraph at lines 1072--1072
[]\T1/cmtt/m/n/10.95 gru_3 (GRU)                     (None, 48, 512)      25574
40     concatenate_1[0][0][] 
 []


Overfull \hbox (17.43901pt too wide) in paragraph at lines 1073--1073
[]\T1/cmtt/m/n/10.95 __________________________________________________________
___________________[] 
 []


Overfull \hbox (11.78064pt too wide) in paragraph at lines 1074--1074
[]\T1/cmtt/m/n/10.95 gru_4 (GRU)                     (None, 512)          15744
00     gru_3[0][0][] 
 []


Overfull \hbox (17.43901pt too wide) in paragraph at lines 1075--1075
[]\T1/cmtt/m/n/10.95 __________________________________________________________
___________________[] 
 []


Overfull \hbox (11.78064pt too wide) in paragraph at lines 1076--1076
[]\T1/cmtt/m/n/10.95 dense_3 (Dense)                 (None, 23)           11799
       gru_4[0][0][] 
 []


Overfull \hbox (17.43901pt too wide) in paragraph at lines 1077--1077
[]\T1/cmtt/m/n/10.95 ==========================================================
===================[] 
 []

[37]
File: ./images/predictions_bin10_histogramm.png Graphic file (type png)
 <use ./images/predictions_bin10_histogramm.png>
Package pdftex.def Info: ./images/predictions_bin10_histogramm.png used on inpu
t line 1113.
(pdftex.def)             Requested size: 209.12778pt x 139.41846pt.

<./images/predictions_bin10_total_error_types_pie_chart.png, id=625, 516.93124p
t x 238.8925pt>
File: ./images/predictions_bin10_total_error_types_pie_chart.png Graphic file (
type png)

<use ./images/predictions_bin10_total_error_types_pie_chart.png>
Package pdftex.def Info: ./images/predictions_bin10_total_error_types_pie_chart
.png used on input line 1156.
(pdftex.def)             Requested size: 209.12778pt x 96.64522pt.

<./images/predictions_bin10_excluded_p80_error_types_pie_chart.png, id=626, 516
.93124pt x 238.8925pt>
File: ./images/predictions_bin10_excluded_p80_error_types_pie_chart.png Graphic
 file (type png)

<use ./images/predictions_bin10_excluded_p80_error_types_pie_chart.png>
Package pdftex.def Info: ./images/predictions_bin10_excluded_p80_error_types_pi
e_chart.png used on input line 1162.
(pdftex.def)             Requested size: 209.12778pt x 96.64522pt.

<./images/predictions_bin10_p80_error_types_pie_chart.png, id=627, 516.93124pt 
x 238.8925pt>
File: ./images/predictions_bin10_p80_error_types_pie_chart.png Graphic file (ty
pe png)
 <use ./images/predictions_bin10_p80_error_types_pie_chart.png>
Package pdftex.def Info: ./images/predictions_bin10_p80_error_types_pie_chart.p
ng used on input line 1168.
(pdftex.def)             Requested size: 209.12778pt x 96.64522pt.

<./images/predictions_bin10_predicted_row_type_distribution.png, id=629, 516.93
124pt x 238.8925pt>
File: ./images/predictions_bin10_predicted_row_type_distribution.png Graphic fi
le (type png)

<use ./images/predictions_bin10_predicted_row_type_distribution.png>
Package pdftex.def Info: ./images/predictions_bin10_predicted_row_type_distribu
tion.png used on input line 1178.
(pdftex.def)             Requested size: 209.12778pt x 96.64522pt.


LaTeX Warning: `h' float specifier changed to `ht'.

[38] [39 <./images/predictions_bin10_total_error_types_pie_chart.png> <./images
/predictions_bin10_excluded_p80_error_types_pie_chart.png> <./images/prediction
s_bin10_p80_error_types_pie_chart.png> <./images/predictions_bin10_predicted_ro
w_type_distribution.png>]
Overfull \hbox (17.43901pt too wide) in paragraph at lines 1230--1230
[]\T1/cmtt/m/n/10.95 Layer (type)                    Output Shape         Param
 #     Connected to[] 
 []


Overfull \hbox (17.43901pt too wide) in paragraph at lines 1231--1231
[]\T1/cmtt/m/n/10.95 ==========================================================
===================[] 
 []


Overfull \hbox (17.43901pt too wide) in paragraph at lines 1233--1233
[]\T1/cmtt/m/n/10.95 __________________________________________________________
___________________[] 
 []


Overfull \hbox (17.43901pt too wide) in paragraph at lines 1235--1235
[]\T1/cmtt/m/n/10.95 __________________________________________________________
___________________[] 
 []


Overfull \hbox (23.09738pt too wide) in paragraph at lines 1236--1236
[]\T1/cmtt/m/n/10.95 sequential_1 (Sequential)       (None, 48, 1024)     10409
8080   input_1[0][0][] 
 []


Overfull \hbox (17.43901pt too wide) in paragraph at lines 1237--1237
[]\T1/cmtt/m/n/10.95 __________________________________________________________
___________________[] 
 []


Overfull \hbox (23.09738pt too wide) in paragraph at lines 1238--1238
[]\T1/cmtt/m/n/10.95 sequential_2 (Sequential)       (None, 48, 128)      20940
8      input_2[0][0][] 
 []


Overfull \hbox (17.43901pt too wide) in paragraph at lines 1239--1239
[]\T1/cmtt/m/n/10.95 __________________________________________________________
___________________[] 
 []


Overfull \hbox (51.38924pt too wide) in paragraph at lines 1240--1240
[]\T1/cmtt/m/n/10.95 concatenate_1 (Concatenate)     (None, 48, 1152)     0    
       sequential_1[1][0][] 
 []


Overfull \hbox (51.38924pt too wide) in paragraph at lines 1241--1241
[]                                                                 \T1/cmtt/m/n
/10.95 sequential_2[1][0][] 
 []


Overfull \hbox (17.43901pt too wide) in paragraph at lines 1242--1242
[]\T1/cmtt/m/n/10.95 __________________________________________________________
___________________[] 
 []


Overfull \hbox (57.0476pt too wide) in paragraph at lines 1243--1243
[]\T1/cmtt/m/n/10.95 gru_1 (GRU)                     (None, 48, 512)      25574
40     concatenate_1[0][0][] 
 []


Overfull \hbox (17.43901pt too wide) in paragraph at lines 1244--1244
[]\T1/cmtt/m/n/10.95 __________________________________________________________
___________________[] 
 []


Overfull \hbox (11.78064pt too wide) in paragraph at lines 1245--1245
[]\T1/cmtt/m/n/10.95 gru_2 (GRU)                     (None, 512)          15744
00     gru_1[0][0][] 
 []


Overfull \hbox (17.43901pt too wide) in paragraph at lines 1246--1246
[]\T1/cmtt/m/n/10.95 __________________________________________________________
___________________[] 
 []


Overfull \hbox (11.78064pt too wide) in paragraph at lines 1247--1247
[]\T1/cmtt/m/n/10.95 dense_3 (Dense)                 (None, 23)           11799
       gru_2[0][0][] 
 []


Overfull \hbox (17.43901pt too wide) in paragraph at lines 1248--1248
[]\T1/cmtt/m/n/10.95 ==========================================================
===================[] 
 []

[40]
Overfull \hbox (17.43901pt too wide) in paragraph at lines 1335--1335
[]\T1/cmtt/m/n/10.95 Layer (type)                    Output Shape         Param
 #     Connected to 
 []


Overfull \hbox (17.43901pt too wide) in paragraph at lines 1336--1336
[]\T1/cmtt/m/n/10.95 ==========================================================
===================[] 
 []

[41]
Overfull \hbox (17.43901pt too wide) in paragraph at lines 1338--1338
[]\T1/cmtt/m/n/10.95 __________________________________________________________
___________________[] 
 []


Overfull \hbox (17.43901pt too wide) in paragraph at lines 1340--1340
[]\T1/cmtt/m/n/10.95 __________________________________________________________
___________________[] 
 []


Overfull \hbox (23.09738pt too wide) in paragraph at lines 1341--1341
[]\T1/cmtt/m/n/10.95 sequential_1 (Sequential)       (None, 48, 1024)     10409
8080   input_1[0][0][] 
 []


Overfull \hbox (17.43901pt too wide) in paragraph at lines 1342--1342
[]\T1/cmtt/m/n/10.95 __________________________________________________________
___________________[] 
 []


Overfull \hbox (23.09738pt too wide) in paragraph at lines 1343--1343
[]\T1/cmtt/m/n/10.95 sequential_2 (Sequential)       (None, 48, 128)      15705
6      input_2[0][0][] 
 []


Overfull \hbox (17.43901pt too wide) in paragraph at lines 1344--1344
[]\T1/cmtt/m/n/10.95 __________________________________________________________
___________________[] 
 []


Overfull \hbox (51.38924pt too wide) in paragraph at lines 1345--1345
[]\T1/cmtt/m/n/10.95 concatenate_1 (Concatenate)     (None, 48, 1152)     0    
       sequential_1[1][0][] 
 []


Overfull \hbox (51.38924pt too wide) in paragraph at lines 1346--1346
[]                                                                 \T1/cmtt/m/n
/10.95 sequential_2[1][0][] 
 []


Overfull \hbox (17.43901pt too wide) in paragraph at lines 1347--1347
[]\T1/cmtt/m/n/10.95 __________________________________________________________
___________________[] 
 []


Overfull \hbox (57.0476pt too wide) in paragraph at lines 1348--1348
[]\T1/cmtt/m/n/10.95 lstm_1 (LSTM)                   (None, 48, 512)      34099
20     concatenate_1[0][0][] 
 []


Overfull \hbox (17.43901pt too wide) in paragraph at lines 1349--1349
[]\T1/cmtt/m/n/10.95 __________________________________________________________
___________________[] 
 []


Overfull \hbox (17.43901pt too wide) in paragraph at lines 1350--1350
[]\T1/cmtt/m/n/10.95 lstm_2 (LSTM)                   (None, 512)          20992
00     lstm_1[0][0][] 
 []


Overfull \hbox (17.43901pt too wide) in paragraph at lines 1351--1351
[]\T1/cmtt/m/n/10.95 __________________________________________________________
___________________[] 
 []


Overfull \hbox (17.43901pt too wide) in paragraph at lines 1352--1352
[]\T1/cmtt/m/n/10.95 dense_3 (Dense)                 (None, 23)           11799
       lstm_2[0][0][] 
 []


Overfull \hbox (17.43901pt too wide) in paragraph at lines 1353--1353
[]\T1/cmtt/m/n/10.95 ==========================================================
===================[] 
 []

File: ./images/predictions_bin12_histogramm.png Graphic file (type png)
<use ./images/predictions_bin12_histogramm.png>
Package pdftex.def Info: ./images/predictions_bin12_histogramm.png used on inpu
t line 1389.
(pdftex.def)             Requested size: 209.12778pt x 139.41846pt.

<./images/predictions_bin12_total_error_types_pie_chart.png, id=672, 516.93124p
t x 238.8925pt>
File: ./images/predictions_bin12_total_error_types_pie_chart.png Graphic file (
type png)

<use ./images/predictions_bin12_total_error_types_pie_chart.png>
Package pdftex.def Info: ./images/predictions_bin12_total_error_types_pie_chart
.png used on input line 1403.
(pdftex.def)             Requested size: 209.12778pt x 96.64522pt.

<./images/predictions_bin12_excluded_p80_error_types_pie_chart.png, id=673, 516
.93124pt x 238.8925pt>
File: ./images/predictions_bin12_excluded_p80_error_types_pie_chart.png Graphic
 file (type png)

<use ./images/predictions_bin12_excluded_p80_error_types_pie_chart.png>
Package pdftex.def Info: ./images/predictions_bin12_excluded_p80_error_types_pi
e_chart.png used on input line 1409.
(pdftex.def)             Requested size: 209.12778pt x 96.64522pt.

<./images/predictions_bin12_p80_error_types_pie_chart.png, id=674, 516.93124pt 
x 238.8925pt>
File: ./images/predictions_bin12_p80_error_types_pie_chart.png Graphic file (ty
pe png)
 <use ./images/predictions_bin12_p80_error_types_pie_chart.png>
Package pdftex.def Info: ./images/predictions_bin12_p80_error_types_pie_chart.p
ng used on input line 1415.
(pdftex.def)             Requested size: 209.12778pt x 96.64522pt.

[42] [43 <./images/predictions_bin12_total_error_types_pie_chart.png> <./images
/predictions_bin12_excluded_p80_error_types_pie_chart.png> <./images/prediction
s_bin12_p80_error_types_pie_chart.png>]
<./images/predictions_bin12_predicted_row_type_distribution.png, id=694, 516.93
124pt x 238.8925pt>
File: ./images/predictions_bin12_predicted_row_type_distribution.png Graphic fi
le (type png)

<use ./images/predictions_bin12_predicted_row_type_distribution.png>
Package pdftex.def Info: ./images/predictions_bin12_predicted_row_type_distribu
tion.png used on input line 1425.
(pdftex.def)             Requested size: 209.12778pt x 96.64522pt.

Overfull \hbox (17.43901pt too wide) in paragraph at lines 1480--1480
[]\T1/cmtt/m/n/10.95 Layer (type)                    Output Shape         Param
 #     Connected to[] 
 []


Overfull \hbox (23.09738pt too wide) in paragraph at lines 1481--1481
[]\T1/cmtt/m/n/10.95 ==========================================================
====================[] 
 []


Overfull \hbox (23.09738pt too wide) in paragraph at lines 1483--1483
[]\T1/cmtt/m/n/10.95 __________________________________________________________
____________________[] 
 []

[44 <./images/predictions_bin12_predicted_row_type_distribution.png>]
Overfull \hbox (23.09738pt too wide) in paragraph at lines 1485--1485
[]\T1/cmtt/m/n/10.95 __________________________________________________________
____________________[] 
 []


Overfull \hbox (23.09738pt too wide) in paragraph at lines 1486--1486
[]\T1/cmtt/m/n/10.95 sequential_1 (Sequential)       (None, 48, 1024)     10409
8080   input_1[0][0][] 
 []


Overfull \hbox (23.09738pt too wide) in paragraph at lines 1487--1487
[]\T1/cmtt/m/n/10.95 __________________________________________________________
____________________[] 
 []


Overfull \hbox (23.09738pt too wide) in paragraph at lines 1488--1488
[]\T1/cmtt/m/n/10.95 sequential_2 (Sequential)       (None, 48, 256)      81203
2      input_2[0][0][] 
 []


Overfull \hbox (23.09738pt too wide) in paragraph at lines 1489--1489
[]\T1/cmtt/m/n/10.95 __________________________________________________________
____________________[] 
 []


Overfull \hbox (51.38924pt too wide) in paragraph at lines 1490--1490
[]\T1/cmtt/m/n/10.95 concatenate_1 (Concatenate)     (None, 48, 1280)     0    
       sequential_1[1][0][] 
 []


Overfull \hbox (51.38924pt too wide) in paragraph at lines 1491--1491
[]                                                                 \T1/cmtt/m/n
/10.95 sequential_2[1][0][] 
 []


Overfull \hbox (23.09738pt too wide) in paragraph at lines 1492--1492
[]\T1/cmtt/m/n/10.95 __________________________________________________________
____________________[] 
 []


Overfull \hbox (57.0476pt too wide) in paragraph at lines 1493--1493
[]\T1/cmtt/m/n/10.95 lstm_3 (LSTM)                   (None, 48, 512)      36720
64     concatenate_1[0][0][] 
 []


Overfull \hbox (23.09738pt too wide) in paragraph at lines 1494--1494
[]\T1/cmtt/m/n/10.95 __________________________________________________________
____________________[] 
 []


Overfull \hbox (17.43901pt too wide) in paragraph at lines 1495--1495
[]\T1/cmtt/m/n/10.95 lstm_4 (LSTM)                   (None, 512)          20992
00     lstm_3[0][0][] 
 []


Overfull \hbox (23.09738pt too wide) in paragraph at lines 1496--1496
[]\T1/cmtt/m/n/10.95 __________________________________________________________
____________________[] 
 []


Overfull \hbox (17.43901pt too wide) in paragraph at lines 1497--1497
[]\T1/cmtt/m/n/10.95 dense_3 (Dense)                 (None, 23)           11799
       lstm_4[0][0][] 
 []


Overfull \hbox (23.09738pt too wide) in paragraph at lines 1498--1498
[]\T1/cmtt/m/n/10.95 ==========================================================
====================[] 
 []

<./images/predictions_bin13_histogramm.png, id=708, 433.62pt x 289.08pt>
File: ./images/predictions_bin13_histogramm.png Graphic file (type png)

<use ./images/predictions_bin13_histogramm.png>
Package pdftex.def Info: ./images/predictions_bin13_histogramm.png used on inpu
t line 1533.
(pdftex.def)             Requested size: 209.12778pt x 139.41846pt.

<./images/predictions_bin13_total_error_types_pie_chart.png, id=709, 516.93124p
t x 238.8925pt>
File: ./images/predictions_bin13_total_error_types_pie_chart.png Graphic file (
type png)

<use ./images/predictions_bin13_total_error_types_pie_chart.png>
Package pdftex.def Info: ./images/predictions_bin13_total_error_types_pie_chart
.png used on input line 1545.
(pdftex.def)             Requested size: 209.12778pt x 96.64522pt.

<./images/predictions_bin13_excluded_p80_error_types_pie_chart.png, id=710, 516
.93124pt x 238.8925pt>
File: ./images/predictions_bin13_excluded_p80_error_types_pie_chart.png Graphic
 file (type png)

<use ./images/predictions_bin13_excluded_p80_error_types_pie_chart.png>
Package pdftex.def Info: ./images/predictions_bin13_excluded_p80_error_types_pi
e_chart.png used on input line 1551.
(pdftex.def)             Requested size: 209.12778pt x 96.64522pt.

<./images/predictions_bin13_p80_error_types_pie_chart.png, id=711, 516.93124pt 
x 238.8925pt>
File: ./images/predictions_bin13_p80_error_types_pie_chart.png Graphic file (ty
pe png)
 <use ./images/predictions_bin13_p80_error_types_pie_chart.png>
Package pdftex.def Info: ./images/predictions_bin13_p80_error_types_pie_chart.p
ng used on input line 1557.
(pdftex.def)             Requested size: 209.12778pt x 96.64522pt.

<./images/predictions_bin13_predicted_row_type_distribution.png, id=713, 516.93
124pt x 238.8925pt>
File: ./images/predictions_bin13_predicted_row_type_distribution.png Graphic fi
le (type png)

<use ./images/predictions_bin13_predicted_row_type_distribution.png>
Package pdftex.def Info: ./images/predictions_bin13_predicted_row_type_distribu
tion.png used on input line 1571.
(pdftex.def)             Requested size: 209.12778pt x 96.64522pt.


LaTeX Warning: `h' float specifier changed to `ht'.

[45] [46 <./images/predictions_bin13_histogramm.png> <./images/predictions_bin1
3_total_error_types_pie_chart.png> <./images/predictions_bin13_excluded_p80_err
or_types_pie_chart.png> <./images/predictions_bin13_p80_error_types_pie_chart.p
ng>]
Overfull \hbox (17.43901pt too wide) in paragraph at lines 1599--1599
[]\T1/cmtt/m/n/10.95 Layer (type)                    Output Shape         Param
 #     Connected to 
 []


Overfull \hbox (17.43901pt too wide) in paragraph at lines 1600--1600
[]\T1/cmtt/m/n/10.95 ==========================================================
===================[] 
 []


Overfull \hbox (17.43901pt too wide) in paragraph at lines 1602--1602
[]\T1/cmtt/m/n/10.95 __________________________________________________________
___________________[] 
 []


Overfull \hbox (17.43901pt too wide) in paragraph at lines 1604--1604
[]\T1/cmtt/m/n/10.95 __________________________________________________________
___________________[] 
 []


Overfull \hbox (23.09738pt too wide) in paragraph at lines 1605--1605
[]\T1/cmtt/m/n/10.95 sequential_1 (Sequential)       (None, 48, 1024)     10409
8080   input_1[0][0][] 
 []


Overfull \hbox (17.43901pt too wide) in paragraph at lines 1606--1606
[]\T1/cmtt/m/n/10.95 __________________________________________________________
___________________[] 
 []


Overfull \hbox (23.09738pt too wide) in paragraph at lines 1607--1607
[]\T1/cmtt/m/n/10.95 sequential_2 (Sequential)       (None, 48, 192)      34617
6      input_2[0][0][] 
 []

[47 <./images/predictions_bin13_predicted_row_type_distribution.png>]
Overfull \hbox (17.43901pt too wide) in paragraph at lines 1608--1608
[]\T1/cmtt/m/n/10.95 __________________________________________________________
___________________[] 
 []


Overfull \hbox (51.38924pt too wide) in paragraph at lines 1609--1609
[]\T1/cmtt/m/n/10.95 concatenate_1 (Concatenate)     (None, 48, 1216)     0    
       sequential_1[1][0][] 
 []


Overfull \hbox (51.38924pt too wide) in paragraph at lines 1610--1610
[]                                                                 \T1/cmtt/m/n
/10.95 sequential_2[1][0][] 
 []


Overfull \hbox (17.43901pt too wide) in paragraph at lines 1611--1611
[]\T1/cmtt/m/n/10.95 __________________________________________________________
___________________[] 
 []


Overfull \hbox (57.0476pt too wide) in paragraph at lines 1612--1612
[]\T1/cmtt/m/n/10.95 gru_3 (GRU)                     (None, 48, 768)      45734
40     concatenate_1[0][0][] 
 []


Overfull \hbox (17.43901pt too wide) in paragraph at lines 1613--1613
[]\T1/cmtt/m/n/10.95 __________________________________________________________
___________________[] 
 []


Overfull \hbox (11.78064pt too wide) in paragraph at lines 1614--1614
[]\T1/cmtt/m/n/10.95 gru_4 (GRU)                     (None, 768)          35412
48     gru_3[0][0][] 
 []


Overfull \hbox (17.43901pt too wide) in paragraph at lines 1615--1615
[]\T1/cmtt/m/n/10.95 __________________________________________________________
___________________[] 
 []


Overfull \hbox (11.78064pt too wide) in paragraph at lines 1616--1616
[]\T1/cmtt/m/n/10.95 dense_3 (Dense)                 (None, 23)           17687
       gru_4[0][0][] 
 []


Overfull \hbox (17.43901pt too wide) in paragraph at lines 1617--1617
[]\T1/cmtt/m/n/10.95 ==========================================================
===================[] 
 []

<./images/predictions_bin14_histogramm.png, id=742, 433.62pt x 289.08pt>
File: ./images/predictions_bin14_histogramm.png Graphic file (type png)

<use ./images/predictions_bin14_histogramm.png>
Package pdftex.def Info: ./images/predictions_bin14_histogramm.png used on inpu
t line 1651.
(pdftex.def)             Requested size: 209.12778pt x 139.41846pt.

<./images/predictions_bin14_total_error_types_pie_chart.png, id=744, 516.93124p
t x 238.8925pt>
File: ./images/predictions_bin14_total_error_types_pie_chart.png Graphic file (
type png)

<use ./images/predictions_bin14_total_error_types_pie_chart.png>
Package pdftex.def Info: ./images/predictions_bin14_total_error_types_pie_chart
.png used on input line 1663.
(pdftex.def)             Requested size: 209.12778pt x 96.64522pt.

<./images/predictions_bin14_excluded_p80_error_types_pie_chart.png, id=745, 516
.93124pt x 238.8925pt>
File: ./images/predictions_bin14_excluded_p80_error_types_pie_chart.png Graphic
 file (type png)

<use ./images/predictions_bin14_excluded_p80_error_types_pie_chart.png>
Package pdftex.def Info: ./images/predictions_bin14_excluded_p80_error_types_pi
e_chart.png used on input line 1669.
(pdftex.def)             Requested size: 209.12778pt x 96.64522pt.

<./images/predictions_bin14_p80_error_types_pie_chart.png, id=746, 516.93124pt 
x 238.8925pt>
File: ./images/predictions_bin14_p80_error_types_pie_chart.png Graphic file (ty
pe png)
 <use ./images/predictions_bin14_p80_error_types_pie_chart.png>
Package pdftex.def Info: ./images/predictions_bin14_p80_error_types_pie_chart.p
ng used on input line 1675.
(pdftex.def)             Requested size: 209.12778pt x 96.64522pt.

<./images/predictions_bin14_predicted_row_type_distribution.png, id=750, 516.93
124pt x 238.8925pt>
File: ./images/predictions_bin14_predicted_row_type_distribution.png Graphic fi
le (type png)

<use ./images/predictions_bin14_predicted_row_type_distribution.png>
Package pdftex.def Info: ./images/predictions_bin14_predicted_row_type_distribu
tion.png used on input line 1688.
(pdftex.def)             Requested size: 209.12778pt x 96.64522pt.


LaTeX Warning: `h' float specifier changed to `ht'.

[48] [49 <./images/predictions_bin14_histogramm.png> <./images/predictions_bin1
4_total_error_types_pie_chart.png> <./images/predictions_bin14_excluded_p80_err
or_types_pie_chart.png> <./images/predictions_bin14_p80_error_types_pie_chart.p
ng>]
Overfull \hbox (17.43901pt too wide) in paragraph at lines 1717--1717
[]\T1/cmtt/m/n/10.95 __________________________________________________________
___________________[] 
 []


Overfull \hbox (17.43901pt too wide) in paragraph at lines 1718--1718
[]\T1/cmtt/m/n/10.95 Layer (type)                    Output Shape         Param
 #     Connected to[] 
 []


Overfull \hbox (17.43901pt too wide) in paragraph at lines 1719--1719
[]\T1/cmtt/m/n/10.95 ==========================================================
===================[] 
 []


Overfull \hbox (17.43901pt too wide) in paragraph at lines 1721--1721
[]\T1/cmtt/m/n/10.95 __________________________________________________________
___________________[] 
 []


Overfull \hbox (17.43901pt too wide) in paragraph at lines 1723--1723
[]\T1/cmtt/m/n/10.95 __________________________________________________________
___________________[] 
 []


Overfull \hbox (23.09738pt too wide) in paragraph at lines 1724--1724
[]\T1/cmtt/m/n/10.95 sequential_1 (Sequential)       (None, 64, 1024)     10409
8080   input_1[0][0][] 
 []


Overfull \hbox (17.43901pt too wide) in paragraph at lines 1725--1725
[]\T1/cmtt/m/n/10.95 __________________________________________________________
___________________[] 
 []


Overfull \hbox (23.09738pt too wide) in paragraph at lines 1726--1726
[]\T1/cmtt/m/n/10.95 sequential_2 (Sequential)       (None, 64, 128)      15705
6      input_2[0][0][] 
 []


Overfull \hbox (17.43901pt too wide) in paragraph at lines 1727--1727
[]\T1/cmtt/m/n/10.95 __________________________________________________________
___________________[] 
 []


Overfull \hbox (51.38924pt too wide) in paragraph at lines 1728--1728
[]\T1/cmtt/m/n/10.95 concatenate_1 (Concatenate)     (None, 64, 1152)     0    
       sequential_1[1][0][] 
 []


Overfull \hbox (51.38924pt too wide) in paragraph at lines 1729--1729
[]                                                                 \T1/cmtt/m/n
/10.95 sequential_2[1][0][] 
 []


Overfull \hbox (17.43901pt too wide) in paragraph at lines 1730--1730
[]\T1/cmtt/m/n/10.95 __________________________________________________________
___________________[] 
 []


Overfull \hbox (57.0476pt too wide) in paragraph at lines 1731--1731
[]\T1/cmtt/m/n/10.95 gru_3 (GRU)                     (None, 64, 512)      25574
40     concatenate_1[0][0][] 
 []


Overfull \hbox (17.43901pt too wide) in paragraph at lines 1732--1732
[]\T1/cmtt/m/n/10.95 __________________________________________________________
___________________[] 
 []

[50 <./images/predictions_bin14_predicted_row_type_distribution.png>]
Overfull \hbox (11.78064pt too wide) in paragraph at lines 1733--1733
[]\T1/cmtt/m/n/10.95 gru_4 (GRU)                     (None, 512)          15744
00     gru_3[0][0][] 
 []


Overfull \hbox (17.43901pt too wide) in paragraph at lines 1734--1734
[]\T1/cmtt/m/n/10.95 __________________________________________________________
___________________[] 
 []


Overfull \hbox (11.78064pt too wide) in paragraph at lines 1735--1735
[]\T1/cmtt/m/n/10.95 dense_3 (Dense)                 (None, 23)           11799
       gru_4[0][0][] 
 []


Overfull \hbox (17.43901pt too wide) in paragraph at lines 1736--1736
[]\T1/cmtt/m/n/10.95 ==========================================================
===================[] 
 []

<./images/predictions_bin15_histogramm.png, id=780, 433.62pt x 289.08pt>
File: ./images/predictions_bin15_histogramm.png Graphic file (type png)

<use ./images/predictions_bin15_histogramm.png>
Package pdftex.def Info: ./images/predictions_bin15_histogramm.png used on inpu
t line 1768.
(pdftex.def)             Requested size: 209.12778pt x 139.41846pt.

<./images/predictions_bin15_total_error_types_pie_chart.png, id=782, 516.93124p
t x 238.8925pt>
File: ./images/predictions_bin15_total_error_types_pie_chart.png Graphic file (
type png)

<use ./images/predictions_bin15_total_error_types_pie_chart.png>
Package pdftex.def Info: ./images/predictions_bin15_total_error_types_pie_chart
.png used on input line 1780.
(pdftex.def)             Requested size: 209.12778pt x 96.64522pt.

<./images/predictions_bin15_excluded_p80_error_types_pie_chart.png, id=783, 516
.93124pt x 238.8925pt>
File: ./images/predictions_bin15_excluded_p80_error_types_pie_chart.png Graphic
 file (type png)

<use ./images/predictions_bin15_excluded_p80_error_types_pie_chart.png>
Package pdftex.def Info: ./images/predictions_bin15_excluded_p80_error_types_pi
e_chart.png used on input line 1786.
(pdftex.def)             Requested size: 209.12778pt x 96.64522pt.

<./images/predictions_bin15_p80_error_types_pie_chart.png, id=784, 516.93124pt 
x 238.8925pt>
File: ./images/predictions_bin15_p80_error_types_pie_chart.png Graphic file (ty
pe png)
 <use ./images/predictions_bin15_p80_error_types_pie_chart.png>
Package pdftex.def Info: ./images/predictions_bin15_p80_error_types_pie_chart.p
ng used on input line 1792.
(pdftex.def)             Requested size: 209.12778pt x 96.64522pt.

<./images/predictions_bin15_predicted_row_type_distribution.png, id=785, 516.93
124pt x 238.8925pt>
File: ./images/predictions_bin15_predicted_row_type_distribution.png Graphic fi
le (type png)

<use ./images/predictions_bin15_predicted_row_type_distribution.png>
Package pdftex.def Info: ./images/predictions_bin15_predicted_row_type_distribu
tion.png used on input line 1802.
(pdftex.def)             Requested size: 209.12778pt x 96.64522pt.


LaTeX Warning: `h' float specifier changed to `ht'.

[51 <./images/predictions_bin15_histogramm.png>] [52 <./images/predictions_bin1
5_total_error_types_pie_chart.png> <./images/predictions_bin15_excluded_p80_err
or_types_pie_chart.png> <./images/predictions_bin15_p80_error_types_pie_chart.p
ng> <./images/predictions_bin15_predicted_row_type_distribution.png>]
Overfull \hbox (17.43901pt too wide) in paragraph at lines 1833--1833
[]\T1/cmtt/m/n/10.95 Layer (type)                    Output Shape         Param
 #     Connected to 
 []


Overfull \hbox (17.43901pt too wide) in paragraph at lines 1834--1834
[]\T1/cmtt/m/n/10.95 ==========================================================
===================[] 
 []


Overfull \hbox (17.43901pt too wide) in paragraph at lines 1836--1836
[]\T1/cmtt/m/n/10.95 __________________________________________________________
___________________[] 
 []


Overfull \hbox (17.43901pt too wide) in paragraph at lines 1838--1838
[]\T1/cmtt/m/n/10.95 __________________________________________________________
___________________[] 
 []


Overfull \hbox (23.09738pt too wide) in paragraph at lines 1839--1839
[]\T1/cmtt/m/n/10.95 sequential_1 (Sequential)       (None, 48, 1024)     10409
8080   input_1[0][0][] 
 []


Overfull \hbox (17.43901pt too wide) in paragraph at lines 1840--1840
[]\T1/cmtt/m/n/10.95 __________________________________________________________
___________________[] 
 []


Overfull \hbox (23.09738pt too wide) in paragraph at lines 1841--1841
[]\T1/cmtt/m/n/10.95 sequential_2 (Sequential)       (None, 48, 92)       83076
       input_2[0][0][] 
 []


Overfull \hbox (17.43901pt too wide) in paragraph at lines 1842--1842
[]\T1/cmtt/m/n/10.95 __________________________________________________________
___________________[] 
 []


Overfull \hbox (51.38924pt too wide) in paragraph at lines 1843--1843
[]\T1/cmtt/m/n/10.95 concatenate_1 (Concatenate)     (None, 48, 1116)     0    
       sequential_1[1][0][] 
 []


Overfull \hbox (51.38924pt too wide) in paragraph at lines 1844--1844
[]                                                                 \T1/cmtt/m/n
/10.95 sequential_2[1][0][] 
 []


Overfull \hbox (17.43901pt too wide) in paragraph at lines 1845--1845
[]\T1/cmtt/m/n/10.95 __________________________________________________________
___________________[] 
 []


Overfull \hbox (57.0476pt too wide) in paragraph at lines 1846--1846
[]\T1/cmtt/m/n/10.95 gru_3 (GRU)                     (None, 48, 386)      17404
74     concatenate_1[0][0][] 
 []


Overfull \hbox (17.43901pt too wide) in paragraph at lines 1847--1847
[]\T1/cmtt/m/n/10.95 __________________________________________________________
___________________[] 
 []


Overfull \hbox (11.78064pt too wide) in paragraph at lines 1848--1848
[]\T1/cmtt/m/n/10.95 gru_4 (GRU)                     (None, 386)          89513
4      gru_3[0][0][] 
 []


Overfull \hbox (17.43901pt too wide) in paragraph at lines 1849--1849
[]\T1/cmtt/m/n/10.95 __________________________________________________________
___________________[] 
 []


Overfull \hbox (11.78064pt too wide) in paragraph at lines 1850--1850
[]\T1/cmtt/m/n/10.95 dense_3 (Dense)                 (None, 23)           8901 
       gru_4[0][0][] 
 []

[53] <./images/predictions_bin16_histogramm.png, id=816, 433.62pt x 289.08pt>
File: ./images/predictions_bin16_histogramm.png Graphic file (type png)

<use ./images/predictions_bin16_histogramm.png>
Package pdftex.def Info: ./images/predictions_bin16_histogramm.png used on inpu
t line 1886.
(pdftex.def)             Requested size: 209.12778pt x 139.41846pt.

<./images/predictions_bin16_total_error_types_pie_chart.png, id=819, 516.93124p
t x 238.8925pt>
File: ./images/predictions_bin16_total_error_types_pie_chart.png Graphic file (
type png)

<use ./images/predictions_bin16_total_error_types_pie_chart.png>
Package pdftex.def Info: ./images/predictions_bin16_total_error_types_pie_chart
.png used on input line 1898.
(pdftex.def)             Requested size: 209.12778pt x 96.64522pt.

<./images/predictions_bin16_excluded_p80_error_types_pie_chart.png, id=820, 516
.93124pt x 238.8925pt>
File: ./images/predictions_bin16_excluded_p80_error_types_pie_chart.png Graphic
 file (type png)

<use ./images/predictions_bin16_excluded_p80_error_types_pie_chart.png>
Package pdftex.def Info: ./images/predictions_bin16_excluded_p80_error_types_pi
e_chart.png used on input line 1904.
(pdftex.def)             Requested size: 209.12778pt x 96.64522pt.

<./images/predictions_bin16_p80_error_types_pie_chart.png, id=821, 516.93124pt 
x 238.8925pt>
File: ./images/predictions_bin16_p80_error_types_pie_chart.png Graphic file (ty
pe png)
 <use ./images/predictions_bin16_p80_error_types_pie_chart.png>
Package pdftex.def Info: ./images/predictions_bin16_p80_error_types_pie_chart.p
ng used on input line 1910.
(pdftex.def)             Requested size: 209.12778pt x 96.64522pt.

<./images/predictions_bin16_predicted_row_type_distribution.png, id=823, 516.93
124pt x 238.8925pt>
File: ./images/predictions_bin16_predicted_row_type_distribution.png Graphic fi
le (type png)

<use ./images/predictions_bin16_predicted_row_type_distribution.png>
Package pdftex.def Info: ./images/predictions_bin16_predicted_row_type_distribu
tion.png used on input line 1920.
(pdftex.def)             Requested size: 209.12778pt x 96.64522pt.


LaTeX Warning: `h' float specifier changed to `ht'.

[54 <./images/predictions_bin16_histogramm.png>] [55 <./images/predictions_bin1
6_total_error_types_pie_chart.png> <./images/predictions_bin16_excluded_p80_err
or_types_pie_chart.png> <./images/predictions_bin16_p80_error_types_pie_chart.p
ng> <./images/predictions_bin16_predicted_row_type_distribution.png>]
Overfull \hbox (17.43901pt too wide) in paragraph at lines 1944--1944
[]\T1/cmtt/m/n/10.95 Layer (type)                    Output Shape         Param
 #     Connected to 
 []


Overfull \hbox (17.43901pt too wide) in paragraph at lines 1945--1945
[]\T1/cmtt/m/n/10.95 ==========================================================
===================[] 
 []


Overfull \hbox (17.43901pt too wide) in paragraph at lines 1947--1947
[]\T1/cmtt/m/n/10.95 __________________________________________________________
___________________[] 
 []


Overfull \hbox (17.43901pt too wide) in paragraph at lines 1949--1949
[]\T1/cmtt/m/n/10.95 __________________________________________________________
___________________[] 
 []


Overfull \hbox (23.09738pt too wide) in paragraph at lines 1950--1950
[]\T1/cmtt/m/n/10.95 sequential_1 (Sequential)       (None, 64, 1024)     10409
7600   input_1[0][0][] 
 []


Overfull \hbox (17.43901pt too wide) in paragraph at lines 1951--1951
[]\T1/cmtt/m/n/10.95 __________________________________________________________
___________________[] 
 []


Overfull \hbox (23.09738pt too wide) in paragraph at lines 1952--1952
[]\T1/cmtt/m/n/10.95 sequential_2 (Sequential)       (None, 64, 128)      15705
6      input_2[0][0][] 
 []


Overfull \hbox (17.43901pt too wide) in paragraph at lines 1953--1953
[]\T1/cmtt/m/n/10.95 __________________________________________________________
___________________[] 
 []


Overfull \hbox (51.38924pt too wide) in paragraph at lines 1954--1954
[]\T1/cmtt/m/n/10.95 concatenate_1 (Concatenate)     (None, 64, 1152)     0    
       sequential_1[1][0][] 
 []


Overfull \hbox (51.38924pt too wide) in paragraph at lines 1955--1955
[]                                                                 \T1/cmtt/m/n
/10.95 sequential_2[1][0][] 
 []


Overfull \hbox (17.43901pt too wide) in paragraph at lines 1956--1956
[]\T1/cmtt/m/n/10.95 __________________________________________________________
___________________[] 
 []


Overfull \hbox (57.0476pt too wide) in paragraph at lines 1957--1957
[]\T1/cmtt/m/n/10.95 gru_3 (GRU)                     (None, 64, 564)      29051
64     concatenate_1[0][0][] 
 []


Overfull \hbox (17.43901pt too wide) in paragraph at lines 1958--1958
[]\T1/cmtt/m/n/10.95 __________________________________________________________
___________________[] 
 []


Overfull \hbox (11.78064pt too wide) in paragraph at lines 1959--1959
[]\T1/cmtt/m/n/10.95 gru_4 (GRU)                     (None, 564)          19102
68     gru_3[0][0][] 
 []


Overfull \hbox (17.43901pt too wide) in paragraph at lines 1960--1960
[]\T1/cmtt/m/n/10.95 __________________________________________________________
___________________[] 
 []


Overfull \hbox (11.78064pt too wide) in paragraph at lines 1961--1961
[]\T1/cmtt/m/n/10.95 dense_3 (Dense)                 (None, 23)           12995
       gru_4[0][0][] 
 []


Overfull \hbox (17.43901pt too wide) in paragraph at lines 1962--1962
[]\T1/cmtt/m/n/10.95 ==========================================================
===================[] 
 []

<./images/predictions_bin18_2_histogramm.png, id=850, 433.62pt x 289.08pt>
File: ./images/predictions_bin18_2_histogramm.png Graphic file (type png)

<use ./images/predictions_bin18_2_histogramm.png>
Package pdftex.def Info: ./images/predictions_bin18_2_histogramm.png used on in
put line 1995.
(pdftex.def)             Requested size: 209.12778pt x 139.41846pt.

<./images/predictions_bin18_2_total_error_types_pie_chart.png, id=851, 516.9312
4pt x 238.8925pt>
File: ./images/predictions_bin18_2_total_error_types_pie_chart.png Graphic file
 (type png)

<use ./images/predictions_bin18_2_total_error_types_pie_chart.png>
Package pdftex.def Info: ./images/predictions_bin18_2_total_error_types_pie_cha
rt.png used on input line 2007.
(pdftex.def)             Requested size: 138.02509pt x 63.78372pt.

<./images/predictions_bin18_2_excluded_p80_error_types_pie_chart.png, id=852, 5
16.93124pt x 238.8925pt>
File: ./images/predictions_bin18_2_excluded_p80_error_types_pie_chart.png Graph
ic file (type png)

<use ./images/predictions_bin18_2_excluded_p80_error_types_pie_chart.png>
Package pdftex.def Info: ./images/predictions_bin18_2_excluded_p80_error_types_
pie_chart.png used on input line 2013.
(pdftex.def)             Requested size: 138.02509pt x 63.78372pt.

<./images/predictions_bin18_2_p80_error_types_pie_chart.png, id=853, 516.93124p
t x 238.8925pt>
File: ./images/predictions_bin18_2_p80_error_types_pie_chart.png Graphic file (
type png)

<use ./images/predictions_bin18_2_p80_error_types_pie_chart.png>
Package pdftex.def Info: ./images/predictions_bin18_2_p80_error_types_pie_chart
.png used on input line 2019.
(pdftex.def)             Requested size: 138.02509pt x 63.78372pt.
 [56] [57 <./images/predictions_bin18_2_histogramm.png> <./images/predictions_b
in18_2_total_error_types_pie_chart.png> <./images/predictions_bin18_2_excluded_
p80_error_types_pie_chart.png> <./images/predictions_bin18_2_p80_error_types_pi
e_chart.png>]
[58]

LaTeX Warning: No positions in optional float specifier.
               Default added (so using `tbp') on input line 2037.

[59] [60] [61] (./doku.bbl [62])
Overfull \hbox (23.09738pt too wide) in paragraph at lines 2097--2097
[]\T1/cmtt/m/n/10.95 __________________________________________________________
____________________ 
 []


Overfull \hbox (17.43901pt too wide) in paragraph at lines 2098--2098
[]\T1/cmtt/m/n/10.95 Layer (type)                    Output Shape         Param
 #     Connected to[] 
 []

[63]
Overfull \hbox (23.09738pt too wide) in paragraph at lines 2099--2099
[]\T1/cmtt/m/n/10.95 ==========================================================
====================[] 
 []


Overfull \hbox (23.09738pt too wide) in paragraph at lines 2101--2101
[]\T1/cmtt/m/n/10.95 __________________________________________________________
____________________[] 
 []


Overfull \hbox (23.09738pt too wide) in paragraph at lines 2103--2103
[]\T1/cmtt/m/n/10.95 __________________________________________________________
____________________[] 
 []


Overfull \hbox (28.75575pt too wide) in paragraph at lines 2104--2104
[]\T1/cmtt/m/n/10.95 sequential_10 (Sequential)      (None, 48, 1024)     21886
504    input_15[0][0][] 
 []


Overfull \hbox (23.09738pt too wide) in paragraph at lines 2105--2105
[]\T1/cmtt/m/n/10.95 __________________________________________________________
____________________[] 
 []


Overfull \hbox (28.75575pt too wide) in paragraph at lines 2106--2106
[]\T1/cmtt/m/n/10.95 sequential_11 (Sequential)      (None, 48, 128)      15705
6      input_16[0][0][] 
 []


Overfull \hbox (23.09738pt too wide) in paragraph at lines 2107--2107
[]\T1/cmtt/m/n/10.95 __________________________________________________________
____________________[] 
 []


Overfull \hbox (57.0476pt too wide) in paragraph at lines 2108--2108
[]\T1/cmtt/m/n/10.95 concatenate_3 (Concatenate)     (None, 48, 1152)     0    
       sequential_10[1][0][] 
 []


Overfull \hbox (57.0476pt too wide) in paragraph at lines 2109--2109
[]                                                                 \T1/cmtt/m/n
/10.95 sequential_11[1][0][] 
 []


Overfull \hbox (23.09738pt too wide) in paragraph at lines 2110--2110
[]\T1/cmtt/m/n/10.95 __________________________________________________________
____________________[] 
 []


Overfull \hbox (57.0476pt too wide) in paragraph at lines 2111--2111
[]\T1/cmtt/m/n/10.95 gru_11 (GRU)                    (None, 48, 564)      29051
64     concatenate_3[0][0][] 
 []


Overfull \hbox (23.09738pt too wide) in paragraph at lines 2112--2112
[]\T1/cmtt/m/n/10.95 __________________________________________________________
____________________[] 
 []


Overfull \hbox (17.43901pt too wide) in paragraph at lines 2113--2113
[]\T1/cmtt/m/n/10.95 gru_12 (GRU)                    (None, 564)          19102
68     gru_11[0][0][] 
 []


Overfull \hbox (23.09738pt too wide) in paragraph at lines 2114--2114
[]\T1/cmtt/m/n/10.95 __________________________________________________________
____________________[] 
 []


Overfull \hbox (17.43901pt too wide) in paragraph at lines 2115--2115
[]\T1/cmtt/m/n/10.95 dense_11 (Dense)                (None, 23)           12995
       gru_12[0][0][] 
 []


Overfull \hbox (23.09738pt too wide) in paragraph at lines 2116--2116
[]\T1/cmtt/m/n/10.95 ==========================================================
====================[] 
 []

<./images/predictions_bin19_x_histogramm.png, id=936, 433.62pt x 289.08pt>
File: ./images/predictions_bin19_x_histogramm.png Graphic file (type png)

<use ./images/predictions_bin19_x_histogramm.png>
Package pdftex.def Info: ./images/predictions_bin19_x_histogramm.png used on in
put line 2149.
(pdftex.def)             Requested size: 209.12778pt x 139.41846pt.

<./images/predictions_bin19_x_total_error_types_pie_chart.png, id=939, 516.9312
4pt x 238.8925pt>
File: ./images/predictions_bin19_x_total_error_types_pie_chart.png Graphic file
 (type png)

<use ./images/predictions_bin19_x_total_error_types_pie_chart.png>
Package pdftex.def Info: ./images/predictions_bin19_x_total_error_types_pie_cha
rt.png used on input line 2161.
(pdftex.def)             Requested size: 209.12778pt x 96.64522pt.

<./images/predictions_bin19_x_excluded_p80_error_types_pie_chart.png, id=940, 5
16.93124pt x 238.8925pt>
File: ./images/predictions_bin19_x_excluded_p80_error_types_pie_chart.png Graph
ic file (type png)

<use ./images/predictions_bin19_x_excluded_p80_error_types_pie_chart.png>
Package pdftex.def Info: ./images/predictions_bin19_x_excluded_p80_error_types_
pie_chart.png used on input line 2167.
(pdftex.def)             Requested size: 209.12778pt x 96.64522pt.

<./images/predictions_bin19_x_p80_error_types_pie_chart.png, id=941, 516.93124p
t x 238.8925pt>
File: ./images/predictions_bin19_x_p80_error_types_pie_chart.png Graphic file (
type png)

<use ./images/predictions_bin19_x_p80_error_types_pie_chart.png>
Package pdftex.def Info: ./images/predictions_bin19_x_p80_error_types_pie_chart
.png used on input line 2173.
(pdftex.def)             Requested size: 209.12778pt x 96.64522pt.

<./images/predictions_bin19_x_predicted_row_type_distribution.png, id=942, 516.
93124pt x 238.8925pt>
File: ./images/predictions_bin19_x_predicted_row_type_distribution.png Graphic 
file (type png)

<use ./images/predictions_bin19_x_predicted_row_type_distribution.png>
Package pdftex.def Info: ./images/predictions_bin19_x_predicted_row_type_distri
bution.png used on input line 2181.
(pdftex.def)             Requested size: 209.12778pt x 96.64522pt.


LaTeX Warning: `h' float specifier changed to `ht'.

[64] [65 <./images/predictions_bin19_x_histogramm.png> <./images/predictions_bi
n19_x_total_error_types_pie_chart.png> <./images/predictions_bin19_x_excluded_p
80_error_types_pie_chart.png> <./images/predictions_bin19_x_p80_error_types_pie
_chart.png>] <./images/skizze_1.jpg, id=965, 1850.112pt x 1040.688pt>
File: ./images/skizze_1.jpg Graphic file (type jpg)

<use ./images/skizze_1.jpg>
Package pdftex.def Info: ./images/skizze_1.jpg used on input line 2209.
(pdftex.def)             Requested size: 167.30286pt x 94.10251pt.

<./images/skizze_2.jpg, id=966, 1850.112pt x 1059.96pt>
File: ./images/skizze_2.jpg Graphic file (type jpg)

<use ./images/skizze_2.jpg>
Package pdftex.def Info: ./images/skizze_2.jpg used on input line 2213.
(pdftex.def)             Requested size: 167.30286pt x 95.84514pt.
 [66 <./images/predictions_bin19_x_predicted_row_type_distribution.png>]
<./images/skizze_aug_1.png, id=977, 262.9825pt x 252.945pt>
File: ./images/skizze_aug_1.png Graphic file (type png)

<use ./images/skizze_aug_1.png>
Package pdftex.def Info: ./images/skizze_aug_1.png used on input line 2225.
(pdftex.def)             Requested size: 167.30286pt x 160.9232pt.

<./images/skizze_aug_2.png, id=978, 262.9825pt x 252.945pt>
File: ./images/skizze_aug_2.png Graphic file (type png)

<use ./images/skizze_aug_2.png>
Package pdftex.def Info: ./images/skizze_aug_2.png used on input line 2229.
(pdftex.def)             Requested size: 167.30286pt x 160.9232pt.
 [67 <./images/skizze_1.jpg> <./images/skizze_2.jpg> <./images/skizze_aug_1.png
> <./images/skizze_aug_2.png>]
<./images/loss_drawn_standart.png, id=988, 389.455pt x 134.5025pt>
File: ./images/loss_drawn_standart.png Graphic file (type png)

<use ./images/loss_drawn_standart.png>
Package pdftex.def Info: ./images/loss_drawn_standart.png used on input line 22
58.
(pdftex.def)             Requested size: 209.12778pt x 72.22389pt.
 [68 <./images/loss_drawn_standart.png>]
<./images/loss_drawn_x_15.png, id=1003, 367.3725pt x 133.49875pt>
File: ./images/loss_drawn_x_15.png Graphic file (type png)

<use ./images/loss_drawn_x_15.png>
Package pdftex.def Info: ./images/loss_drawn_x_15.png used on input line 2299.
(pdftex.def)             Requested size: 209.12778pt x 75.99524pt.
Package atveryend Info: Empty hook `BeforeClearDocument' on input line 2307.
 [69 <./images/loss_drawn_x_15.png>]
Package atveryend Info: Empty hook `AfterLastShipout' on input line 2307.

(./doku.aux)
Package atveryend Info: Executing hook `AtVeryEndDocument' on input line 2307.
Package atveryend Info: Executing hook `AtEndAfterFileList' on input line 2307.

Package rerunfilecheck Info: File `doku.out' has not changed.
(rerunfilecheck)             Checksum: 2A8D1180A8A07D5D64867C978B691405;3784.


LaTeX Warning: There were multiply-defined labels.

Package atveryend Info: Empty hook `AtVeryVeryEnd' on input line 2307.
 ) 
Here is how much of TeX's memory you used:
 8814 strings out of 494860
 140348 string characters out of 6177601
 274255 words of memory out of 5000000
 11641 multiletter control sequences out of 15000+600000
 17761 words of font info for 45 fonts, out of 8000000 for 9000
 36 hyphenation exceptions out of 8191
 43i,8n,56p,1288b,468s stack positions out of 5000i,500n,10000p,200000b,80000s
 </home/simon/.texmf-var/fonts/pk/ljfour/jknappen/ec/ecti1095.600pk> </home/s
imon/.texmf-var/fonts/pk/ljfour/jknappen/ec/ecbx1095.600pk> </home/simon/.texmf
-var/fonts/pk/ljfour/jknappen/ec/ectt1095.600pk> </home/simon/.texmf-var/fonts/
pk/ljfour/jknappen/ec/ecsx1200.600pk> </home/simon/.texmf-var/fonts/pk/ljfour/j
knappen/ec/ecsx1095.600pk> </home/simon/.texmf-var/fonts/pk/ljfour/jknappen/ec/
ecsx1440.600pk> </home/simon/.texmf-var/fonts/pk/ljfour/jknappen/ec/ecrm1095.60
0pk> </home/simon/.texmf-var/fonts/pk/ljfour/jknappen/ec/ecrm1440.600pk> </home
/simon/.texmf-var/fonts/pk/ljfour/jknappen/ec/ecsx2074.600pk></usr/share/texliv
e/texmf-dist/fonts/type1/public/amsfonts/cm/cmex10.pfb></usr/share/texlive/texm
f-dist/fonts/type1/public/amsfonts/cm/cmmi10.pfb></usr/share/texlive/texmf-dist
/fonts/type1/public/amsfonts/cm/cmmi8.pfb></usr/share/texlive/texmf-dist/fonts/
type1/public/amsfonts/cm/cmr10.pfb></usr/share/texlive/texmf-dist/fonts/type1/p
ublic/amsfonts/cm/cmr8.pfb></usr/share/texlive/texmf-dist/fonts/type1/public/am
sfonts/cm/cmsy10.pfb></usr/share/texlive/texmf-dist/fonts/type1/public/amsfonts
/cm/cmsy8.pfb>
Output written on doku.pdf (69 pages, 2909328 bytes).
PDF statistics:
 1591 PDF objects out of 1728 (max. 8388607)
 944 compressed objects within 10 object streams
 325 named destinations out of 1000 (max. 500000)
 708 words of extra memory for PDF output out of 10000 (max. 10000000)

